"4624","WIN-4ODLTDU191U","System.Byte[]","53","(12544)","12544","SuccessAudit","An account was successfully logged on.

Subject:
	Security ID:		S-1-5-18
	Account Name:		MINWINPC$
	Account Domain:		Workgroup
	Logon ID:		0x3e7

Logon Information:
	Logon Type:		5
	Restricted Admin Mode:	-
	Virtual Account:		%%1843
	Elevated Token:		%%1842

Impersonation Level:		%%1833

New Logon:
	Security ID:		S-1-5-18
	Account Name:		SYSTEM
	Account Domain:		NT AUTHORITY
	Logon ID:		0x3e7
	Linked Logon ID:		0x0
	Network Account Name:	-
	Network Account Domain:	-
	Logon GUID:		{00000000-0000-0000-0000-000000000000}

Process Information:
	Process ID:		0x29c
	Process Name:		C:\Windows\System32\services.exe

Network Information:
	Workstation Name:	-
	Source Network Address:	-
	Source Port:		-

Detailed Authentication Information:
	Logon Process:		Advapi  
	Authentication Package:	Negotiate
	Transited Services:	-
	Package Name (NTLM only):	-
	Key Length:		0

This event is generated when a logon session is created. It is generated on the computer that was accessed.

The subject fields indicate the account on the local system which requested the logon. This is most commonly a service such as the Server service, or a local process such as Winlogon.exe or Services.exe.

The logon type field indicates the kind of logon that occurred. The most common types are 2 (interactive) and 3 (network).

The New Logon fields indicate the account for whom the new logon was created, i.e. the account that was logged on.

The network fields indicate where a remote logon request originated. Workstation name is not always available and may be left blank in some cases.

The impersonation level field indicates the extent to which a process in the logon session can impersonate.

The authentication information fields provide detailed information about this specific logon request.
	- Logon GUID is a unique identifier that can be used to correlate this event with a KDC event.
	- Transited services indicate which intermediate services have participated in this logon request.
	- Package name indicates which sub-protocol was used among the NTLM protocols.
	- Key length indicates the length of the generated session key. This will be 0 if no session key was requested.","Microsoft-Windows-Security-Auditing","System.String[]","4624","8/7/2020 10:35:54 PM","8/7/2020 10:35:54 PM",,,
"4735","WIN-4ODLTDU191U","System.Byte[]","52","(13826)","13826","SuccessAudit","A security-enabled local group was changed.

Subject:
	Security ID:		S-1-5-18
	Account Name:		MINWINPC$
	Account Domain:		Workgroup
	Logon ID:		0x3e7

Group:
	Security ID:		S-1-5-32-582
	Group Name:		Storage Replica Administrators
	Group Domain:		Builtin

Changed Attributes:
	SAM Account Name:	-
	SID History:		-

Additional Information:
	Privileges:		-","Microsoft-Windows-Security-Auditing","System.String[]","4735","8/7/2020 10:35:54 PM","8/7/2020 10:35:54 PM",,,
"4727","WIN-4ODLTDU191U","System.Byte[]","51","(13826)","13826","SuccessAudit","A security-enabled global group was created.

Subject:
	Security ID:		S-1-5-18
	Account Name:		MINWINPC$
	Account Domain:		Workgroup
	Logon ID:		0x3e7

New Group:
	Security ID:		S-1-5-32-582
	Group Name:		Storage Replica Administrators
	Group Domain:		Builtin

Attributes:
	SAM Account Name:	Storage Replica Administrators
	SID History:		-

Additional Information:
	Privileges:		-","Microsoft-Windows-Security-Auditing","System.String[]","4727","8/7/2020 10:35:54 PM","8/7/2020 10:35:54 PM",,,
"4735","WIN-4ODLTDU191U","System.Byte[]","50","(13826)","13826","SuccessAudit","A security-enabled local group was changed.

Subject:
	Security ID:		S-1-5-18
	Account Name:		MINWINPC$
	Account Domain:		Workgroup
	Logon ID:		0x3e7

Group:
	Security ID:		S-1-5-32-580
	Group Name:		Remote Management Users
	Group Domain:		Builtin

Changed Attributes:
	SAM Account Name:	-
	SID History:		-

Additional Information:
	Privileges:		-","Microsoft-Windows-Security-Auditing","System.String[]","4735","8/7/2020 10:35:54 PM","8/7/2020 10:35:54 PM",,,
"4731","WIN-4ODLTDU191U","System.Byte[]","49","(13826)","13826","SuccessAudit","A security-enabled local group was created.

Subject:
	Security ID:		S-1-5-18
	Account Name:		MINWINPC$
	Account Domain:		Workgroup
	Logon ID:		0x3e7

New Group:
	Security ID:		S-1-5-32-580
	Group Name:		Remote Management Users
	Group Domain:		Builtin

Attributes:
	SAM Account Name:	Remote Management Users
	SID History:		-

Additional Information:
	Privileges:		-","Microsoft-Windows-Security-Auditing","System.String[]","4731","8/7/2020 10:35:54 PM","8/7/2020 10:35:54 PM",,,
"4735","WIN-4ODLTDU191U","System.Byte[]","48","(13826)","13826","SuccessAudit","A security-enabled local group was changed.

Subject:
	Security ID:		S-1-5-18
	Account Name:		MINWINPC$
	Account Domain:		Workgroup
	Logon ID:		0x3e7

Group:
	Security ID:		S-1-5-32-579
	Group Name:		Access Control Assistance Operators
	Group Domain:		Builtin

Changed Attributes:
	SAM Account Name:	-
	SID History:		-

Additional Information:
	Privileges:		-","Microsoft-Windows-Security-Auditing","System.String[]","4735","8/7/2020 10:35:54 PM","8/7/2020 10:35:54 PM",,,
"4731","WIN-4ODLTDU191U","System.Byte[]","47","(13826)","13826","SuccessAudit","A security-enabled local group was created.

Subject:
	Security ID:		S-1-5-18
	Account Name:		MINWINPC$
	Account Domain:		Workgroup
	Logon ID:		0x3e7

New Group:
	Security ID:		S-1-5-32-579
	Group Name:		Access Control Assistance Operators
	Group Domain:		Builtin

Attributes:
	SAM Account Name:	Access Control Assistance Operators
	SID History:		-

Additional Information:
	Privileges:		-","Microsoft-Windows-Security-Auditing","System.String[]","4731","8/7/2020 10:35:54 PM","8/7/2020 10:35:54 PM",,,
"4735","WIN-4ODLTDU191U","System.Byte[]","46","(13826)","13826","SuccessAudit","A security-enabled local group was changed.

Subject:
	Security ID:		S-1-5-18
	Account Name:		MINWINPC$
	Account Domain:		Workgroup
	Logon ID:		0x3e7

Group:
	Security ID:		S-1-5-32-578
	Group Name:		Hyper-V Administrators
	Group Domain:		Builtin

Changed Attributes:
	SAM Account Name:	-
	SID History:		-

Additional Information:
	Privileges:		-","Microsoft-Windows-Security-Auditing","System.String[]","4735","8/7/2020 10:35:54 PM","8/7/2020 10:35:54 PM",,,
"4731","WIN-4ODLTDU191U","System.Byte[]","45","(13826)","13826","SuccessAudit","A security-enabled local group was created.

Subject:
	Security ID:		S-1-5-18
	Account Name:		MINWINPC$
	Account Domain:		Workgroup
	Logon ID:		0x3e7

New Group:
	Security ID:		S-1-5-32-578
	Group Name:		Hyper-V Administrators
	Group Domain:		Builtin

Attributes:
	SAM Account Name:	Hyper-V Administrators
	SID History:		-

Additional Information:
	Privileges:		-","Microsoft-Windows-Security-Auditing","System.String[]","4731","8/7/2020 10:35:54 PM","8/7/2020 10:35:54 PM",,,
"4735","WIN-4ODLTDU191U","System.Byte[]","44","(13826)","13826","SuccessAudit","A security-enabled local group was changed.

Subject:
	Security ID:		S-1-5-18
	Account Name:		MINWINPC$
	Account Domain:		Workgroup
	Logon ID:		0x3e7

Group:
	Security ID:		S-1-5-32-577
	Group Name:		RDS Management Servers
	Group Domain:		Builtin

Changed Attributes:
	SAM Account Name:	-
	SID History:		-

Additional Information:
	Privileges:		-","Microsoft-Windows-Security-Auditing","System.String[]","4735","8/7/2020 10:35:54 PM","8/7/2020 10:35:54 PM",,,
"4731","WIN-4ODLTDU191U","System.Byte[]","43","(13826)","13826","SuccessAudit","A security-enabled local group was created.

Subject:
	Security ID:		S-1-5-18
	Account Name:		MINWINPC$
	Account Domain:		Workgroup
	Logon ID:		0x3e7

New Group:
	Security ID:		S-1-5-32-577
	Group Name:		RDS Management Servers
	Group Domain:		Builtin

Attributes:
	SAM Account Name:	RDS Management Servers
	SID History:		-

Additional Information:
	Privileges:		-","Microsoft-Windows-Security-Auditing","System.String[]","4731","8/7/2020 10:35:54 PM","8/7/2020 10:35:54 PM",,,
"4735","WIN-4ODLTDU191U","System.Byte[]","42","(13826)","13826","SuccessAudit","A security-enabled local group was changed.

Subject:
	Security ID:		S-1-5-18
	Account Name:		MINWINPC$
	Account Domain:		Workgroup
	Logon ID:		0x3e7

Group:
	Security ID:		S-1-5-32-576
	Group Name:		RDS Endpoint Servers
	Group Domain:		Builtin

Changed Attributes:
	SAM Account Name:	-
	SID History:		-

Additional Information:
	Privileges:		-","Microsoft-Windows-Security-Auditing","System.String[]","4735","8/7/2020 10:35:54 PM","8/7/2020 10:35:54 PM",,,
"4731","WIN-4ODLTDU191U","System.Byte[]","41","(13826)","13826","SuccessAudit","A security-enabled local group was created.

Subject:
	Security ID:		S-1-5-18
	Account Name:		MINWINPC$
	Account Domain:		Workgroup
	Logon ID:		0x3e7

New Group:
	Security ID:		S-1-5-32-576
	Group Name:		RDS Endpoint Servers
	Group Domain:		Builtin

Attributes:
	SAM Account Name:	RDS Endpoint Servers
	SID History:		-

Additional Information:
	Privileges:		-","Microsoft-Windows-Security-Auditing","System.String[]","4731","8/7/2020 10:35:54 PM","8/7/2020 10:35:54 PM",,,
"4735","WIN-4ODLTDU191U","System.Byte[]","40","(13826)","13826","SuccessAudit","A security-enabled local group was changed.

Subject:
	Security ID:		S-1-5-18
	Account Name:		MINWINPC$
	Account Domain:		Workgroup
	Logon ID:		0x3e7

Group:
	Security ID:		S-1-5-32-575
	Group Name:		RDS Remote Access Servers
	Group Domain:		Builtin

Changed Attributes:
	SAM Account Name:	-
	SID History:		-

Additional Information:
	Privileges:		-","Microsoft-Windows-Security-Auditing","System.String[]","4735","8/7/2020 10:35:54 PM","8/7/2020 10:35:54 PM",,,
"4731","WIN-4ODLTDU191U","System.Byte[]","39","(13826)","13826","SuccessAudit","A security-enabled local group was created.

Subject:
	Security ID:		S-1-5-18
	Account Name:		MINWINPC$
	Account Domain:		Workgroup
	Logon ID:		0x3e7

New Group:
	Security ID:		S-1-5-32-575
	Group Name:		RDS Remote Access Servers
	Group Domain:		Builtin

Attributes:
	SAM Account Name:	RDS Remote Access Servers
	SID History:		-

Additional Information:
	Privileges:		-","Microsoft-Windows-Security-Auditing","System.String[]","4731","8/7/2020 10:35:54 PM","8/7/2020 10:35:54 PM",,,
"4735","WIN-4ODLTDU191U","System.Byte[]","38","(13826)","13826","SuccessAudit","A security-enabled local group was changed.

Subject:
	Security ID:		S-1-5-18
	Account Name:		MINWINPC$
	Account Domain:		Workgroup
	Logon ID:		0x3e7

Group:
	Security ID:		S-1-5-32-574
	Group Name:		Certificate Service DCOM Access
	Group Domain:		Builtin

Changed Attributes:
	SAM Account Name:	-
	SID History:		-

Additional Information:
	Privileges:		-","Microsoft-Windows-Security-Auditing","System.String[]","4735","8/7/2020 10:35:54 PM","8/7/2020 10:35:54 PM",,,
"4731","WIN-4ODLTDU191U","System.Byte[]","37","(13826)","13826","SuccessAudit","A security-enabled local group was created.

Subject:
	Security ID:		S-1-5-18
	Account Name:		MINWINPC$
	Account Domain:		Workgroup
	Logon ID:		0x3e7

New Group:
	Security ID:		S-1-5-32-574
	Group Name:		Certificate Service DCOM Access
	Group Domain:		Builtin

Attributes:
	SAM Account Name:	Certificate Service DCOM Access
	SID History:		-

Additional Information:
	Privileges:		-","Microsoft-Windows-Security-Auditing","System.String[]","4731","8/7/2020 10:35:54 PM","8/7/2020 10:35:54 PM",,,
"4735","WIN-4ODLTDU191U","System.Byte[]","36","(13826)","13826","SuccessAudit","A security-enabled local group was changed.

Subject:
	Security ID:		S-1-5-18
	Account Name:		MINWINPC$
	Account Domain:		Workgroup
	Logon ID:		0x3e7

Group:
	Security ID:		S-1-5-32-573
	Group Name:		Event Log Readers
	Group Domain:		Builtin

Changed Attributes:
	SAM Account Name:	-
	SID History:		-

Additional Information:
	Privileges:		-","Microsoft-Windows-Security-Auditing","System.String[]","4735","8/7/2020 10:35:54 PM","8/7/2020 10:35:54 PM",,,
"4731","WIN-4ODLTDU191U","System.Byte[]","35","(13826)","13826","SuccessAudit","A security-enabled local group was created.

Subject:
	Security ID:		S-1-5-18
	Account Name:		MINWINPC$
	Account Domain:		Workgroup
	Logon ID:		0x3e7

New Group:
	Security ID:		S-1-5-32-573
	Group Name:		Event Log Readers
	Group Domain:		Builtin

Attributes:
	SAM Account Name:	Event Log Readers
	SID History:		-

Additional Information:
	Privileges:		-","Microsoft-Windows-Security-Auditing","System.String[]","4731","8/7/2020 10:35:54 PM","8/7/2020 10:35:54 PM",,,
"4732","WIN-4ODLTDU191U","System.Byte[]","34","(13826)","13826","SuccessAudit","A member was added to a security-enabled local group.

Subject:
	Security ID:		S-1-5-18
	Account Name:		MINWINPC$
	Account Domain:		Workgroup
	Logon ID:		0x3e7

Member:
	Security ID:		S-1-5-17
	Account Name:		-

Group:
	Security ID:		S-1-5-32-568
	Group Name:		IIS_IUSRS
	Group Domain:		Builtin

Additional Information:
	Privileges:		-
	Expiration time:		%11","Microsoft-Windows-Security-Auditing","System.String[]","4732","8/7/2020 10:35:54 PM","8/7/2020 10:35:54 PM",,,
"4735","WIN-4ODLTDU191U","System.Byte[]","33","(13826)","13826","SuccessAudit","A security-enabled local group was changed.

Subject:
	Security ID:		S-1-5-18
	Account Name:		MINWINPC$
	Account Domain:		Workgroup
	Logon ID:		0x3e7

Group:
	Security ID:		S-1-5-32-569
	Group Name:		Cryptographic Operators
	Group Domain:		Builtin

Changed Attributes:
	SAM Account Name:	-
	SID History:		-

Additional Information:
	Privileges:		-","Microsoft-Windows-Security-Auditing","System.String[]","4735","8/7/2020 10:35:54 PM","8/7/2020 10:35:54 PM",,,
"4731","WIN-4ODLTDU191U","System.Byte[]","32","(13826)","13826","SuccessAudit","A security-enabled local group was created.

Subject:
	Security ID:		S-1-5-18
	Account Name:		MINWINPC$
	Account Domain:		Workgroup
	Logon ID:		0x3e7

New Group:
	Security ID:		S-1-5-32-569
	Group Name:		Cryptographic Operators
	Group Domain:		Builtin

Attributes:
	SAM Account Name:	Cryptographic Operators
	SID History:		-

Additional Information:
	Privileges:		-","Microsoft-Windows-Security-Auditing","System.String[]","4731","8/7/2020 10:35:54 PM","8/7/2020 10:35:54 PM",,,
"4735","WIN-4ODLTDU191U","System.Byte[]","31","(13826)","13826","SuccessAudit","A security-enabled local group was changed.

Subject:
	Security ID:		S-1-5-18
	Account Name:		MINWINPC$
	Account Domain:		Workgroup
	Logon ID:		0x3e7

Group:
	Security ID:		S-1-5-32-568
	Group Name:		IIS_IUSRS
	Group Domain:		Builtin

Changed Attributes:
	SAM Account Name:	-
	SID History:		-

Additional Information:
	Privileges:		-","Microsoft-Windows-Security-Auditing","System.String[]","4735","8/7/2020 10:35:54 PM","8/7/2020 10:35:54 PM",,,
"4731","WIN-4ODLTDU191U","System.Byte[]","30","(13826)","13826","SuccessAudit","A security-enabled local group was created.

Subject:
	Security ID:		S-1-5-18
	Account Name:		MINWINPC$
	Account Domain:		Workgroup
	Logon ID:		0x3e7

New Group:
	Security ID:		S-1-5-32-568
	Group Name:		IIS_IUSRS
	Group Domain:		Builtin

Attributes:
	SAM Account Name:	IIS_IUSRS
	SID History:		-

Additional Information:
	Privileges:		-","Microsoft-Windows-Security-Auditing","System.String[]","4731","8/7/2020 10:35:54 PM","8/7/2020 10:35:54 PM",,,
"4735","WIN-4ODLTDU191U","System.Byte[]","29","(13826)","13826","SuccessAudit","A security-enabled local group was changed.

Subject:
	Security ID:		S-1-5-18
	Account Name:		MINWINPC$
	Account Domain:		Workgroup
	Logon ID:		0x3e7

Group:
	Security ID:		S-1-5-32-562
	Group Name:		Distributed COM Users
	Group Domain:		Builtin

Changed Attributes:
	SAM Account Name:	-
	SID History:		-

Additional Information:
	Privileges:		-","Microsoft-Windows-Security-Auditing","System.String[]","4735","8/7/2020 10:35:54 PM","8/7/2020 10:35:54 PM",,,
"4731","WIN-4ODLTDU191U","System.Byte[]","28","(13826)","13826","SuccessAudit","A security-enabled local group was created.

Subject:
	Security ID:		S-1-5-18
	Account Name:		MINWINPC$
	Account Domain:		Workgroup
	Logon ID:		0x3e7

New Group:
	Security ID:		S-1-5-32-562
	Group Name:		Distributed COM Users
	Group Domain:		Builtin

Attributes:
	SAM Account Name:	Distributed COM Users
	SID History:		-

Additional Information:
	Privileges:		-","Microsoft-Windows-Security-Auditing","System.String[]","4731","8/7/2020 10:35:54 PM","8/7/2020 10:35:54 PM",,,
"4735","WIN-4ODLTDU191U","System.Byte[]","27","(13826)","13826","SuccessAudit","A security-enabled local group was changed.

Subject:
	Security ID:		S-1-5-18
	Account Name:		MINWINPC$
	Account Domain:		Workgroup
	Logon ID:		0x3e7

Group:
	Security ID:		S-1-5-32-559
	Group Name:		Performance Log Users
	Group Domain:		Builtin

Changed Attributes:
	SAM Account Name:	-
	SID History:		-

Additional Information:
	Privileges:		-","Microsoft-Windows-Security-Auditing","System.String[]","4735","8/7/2020 10:35:54 PM","8/7/2020 10:35:54 PM",,,
"4731","WIN-4ODLTDU191U","System.Byte[]","26","(13826)","13826","SuccessAudit","A security-enabled local group was created.

Subject:
	Security ID:		S-1-5-18
	Account Name:		MINWINPC$
	Account Domain:		Workgroup
	Logon ID:		0x3e7

New Group:
	Security ID:		S-1-5-32-559
	Group Name:		Performance Log Users
	Group Domain:		Builtin

Attributes:
	SAM Account Name:	Performance Log Users
	SID History:		-

Additional Information:
	Privileges:		-","Microsoft-Windows-Security-Auditing","System.String[]","4731","8/7/2020 10:35:54 PM","8/7/2020 10:35:54 PM",,,
"4735","WIN-4ODLTDU191U","System.Byte[]","25","(13826)","13826","SuccessAudit","A security-enabled local group was changed.

Subject:
	Security ID:		S-1-5-18
	Account Name:		MINWINPC$
	Account Domain:		Workgroup
	Logon ID:		0x3e7

Group:
	Security ID:		S-1-5-32-558
	Group Name:		Performance Monitor Users
	Group Domain:		Builtin

Changed Attributes:
	SAM Account Name:	-
	SID History:		-

Additional Information:
	Privileges:		-","Microsoft-Windows-Security-Auditing","System.String[]","4735","8/7/2020 10:35:54 PM","8/7/2020 10:35:54 PM",,,
"4731","WIN-4ODLTDU191U","System.Byte[]","24","(13826)","13826","SuccessAudit","A security-enabled local group was created.

Subject:
	Security ID:		S-1-5-18
	Account Name:		MINWINPC$
	Account Domain:		Workgroup
	Logon ID:		0x3e7

New Group:
	Security ID:		S-1-5-32-558
	Group Name:		Performance Monitor Users
	Group Domain:		Builtin

Attributes:
	SAM Account Name:	Performance Monitor Users
	SID History:		-

Additional Information:
	Privileges:		-","Microsoft-Windows-Security-Auditing","System.String[]","4731","8/7/2020 10:35:54 PM","8/7/2020 10:35:54 PM",,,
"4735","WIN-4ODLTDU191U","System.Byte[]","23","(13826)","13826","SuccessAudit","A security-enabled local group was changed.

Subject:
	Security ID:		S-1-5-18
	Account Name:		MINWINPC$
	Account Domain:		Workgroup
	Logon ID:		0x3e7

Group:
	Security ID:		S-1-5-32-556
	Group Name:		Network Configuration Operators
	Group Domain:		Builtin

Changed Attributes:
	SAM Account Name:	-
	SID History:		-

Additional Information:
	Privileges:		-","Microsoft-Windows-Security-Auditing","System.String[]","4735","8/7/2020 10:35:54 PM","8/7/2020 10:35:54 PM",,,
"4731","WIN-4ODLTDU191U","System.Byte[]","22","(13826)","13826","SuccessAudit","A security-enabled local group was created.

Subject:
	Security ID:		S-1-5-18
	Account Name:		MINWINPC$
	Account Domain:		Workgroup
	Logon ID:		0x3e7

New Group:
	Security ID:		S-1-5-32-556
	Group Name:		Network Configuration Operators
	Group Domain:		Builtin

Attributes:
	SAM Account Name:	Network Configuration Operators
	SID History:		-

Additional Information:
	Privileges:		-","Microsoft-Windows-Security-Auditing","System.String[]","4731","8/7/2020 10:35:54 PM","8/7/2020 10:35:54 PM",,,
"4735","WIN-4ODLTDU191U","System.Byte[]","21","(13826)","13826","SuccessAudit","A security-enabled local group was changed.

Subject:
	Security ID:		S-1-5-18
	Account Name:		MINWINPC$
	Account Domain:		Workgroup
	Logon ID:		0x3e7

Group:
	Security ID:		S-1-5-32-555
	Group Name:		Remote Desktop Users
	Group Domain:		Builtin

Changed Attributes:
	SAM Account Name:	-
	SID History:		-

Additional Information:
	Privileges:		-","Microsoft-Windows-Security-Auditing","System.String[]","4735","8/7/2020 10:35:54 PM","8/7/2020 10:35:54 PM",,,
"4731","WIN-4ODLTDU191U","System.Byte[]","20","(13826)","13826","SuccessAudit","A security-enabled local group was created.

Subject:
	Security ID:		S-1-5-18
	Account Name:		MINWINPC$
	Account Domain:		Workgroup
	Logon ID:		0x3e7

New Group:
	Security ID:		S-1-5-32-555
	Group Name:		Remote Desktop Users
	Group Domain:		Builtin

Attributes:
	SAM Account Name:	Remote Desktop Users
	SID History:		-

Additional Information:
	Privileges:		-","Microsoft-Windows-Security-Auditing","System.String[]","4731","8/7/2020 10:35:54 PM","8/7/2020 10:35:54 PM",,,
"4735","WIN-4ODLTDU191U","System.Byte[]","19","(13826)","13826","SuccessAudit","A security-enabled local group was changed.

Subject:
	Security ID:		S-1-5-18
	Account Name:		MINWINPC$
	Account Domain:		Workgroup
	Logon ID:		0x3e7

Group:
	Security ID:		S-1-5-32-550
	Group Name:		Print Operators
	Group Domain:		Builtin

Changed Attributes:
	SAM Account Name:	-
	SID History:		-

Additional Information:
	Privileges:		-","Microsoft-Windows-Security-Auditing","System.String[]","4735","8/7/2020 10:35:54 PM","8/7/2020 10:35:54 PM",,,
"4731","WIN-4ODLTDU191U","System.Byte[]","18","(13826)","13826","SuccessAudit","A security-enabled local group was created.

Subject:
	Security ID:		S-1-5-18
	Account Name:		MINWINPC$
	Account Domain:		Workgroup
	Logon ID:		0x3e7

New Group:
	Security ID:		S-1-5-32-550
	Group Name:		Print Operators
	Group Domain:		Builtin

Attributes:
	SAM Account Name:	Print Operators
	SID History:		-

Additional Information:
	Privileges:		-","Microsoft-Windows-Security-Auditing","System.String[]","4731","8/7/2020 10:35:54 PM","8/7/2020 10:35:54 PM",,,
"4902","WIN-4ODLTDU191U","System.Byte[]","17","(13568)","13568","SuccessAudit","The Per-user audit policy table was created.

Number of Elements:	0
Policy ID:	0x27c42","Microsoft-Windows-Security-Auditing","System.String[]","4902","8/7/2020 10:35:54 PM","8/7/2020 10:35:54 PM",,,
"4624","WIN-4ODLTDU191U","System.Byte[]","16","(12544)","12544","SuccessAudit","An account was successfully logged on.

Subject:
	Security ID:		S-1-0-0
	Account Name:		-
	Account Domain:		-
	Logon ID:		0x0

Logon Information:
	Logon Type:		0
	Restricted Admin Mode:	-
	Virtual Account:		%%1843
	Elevated Token:		%%1842

Impersonation Level:		-

New Logon:
	Security ID:		S-1-5-18
	Account Name:		SYSTEM
	Account Domain:		NT AUTHORITY
	Logon ID:		0x3e7
	Linked Logon ID:		0x0
	Network Account Name:	-
	Network Account Domain:	-
	Logon GUID:		{00000000-0000-0000-0000-000000000000}

Process Information:
	Process ID:		0x4
	Process Name:		

Network Information:
	Workstation Name:	-
	Source Network Address:	-
	Source Port:		-

Detailed Authentication Information:
	Logon Process:		-
	Authentication Package:	-
	Transited Services:	-
	Package Name (NTLM only):	-
	Key Length:		0

This event is generated when a logon session is created. It is generated on the computer that was accessed.

The subject fields indicate the account on the local system which requested the logon. This is most commonly a service such as the Server service, or a local process such as Winlogon.exe or Services.exe.

The logon type field indicates the kind of logon that occurred. The most common types are 2 (interactive) and 3 (network).

The New Logon fields indicate the account for whom the new logon was created, i.e. the account that was logged on.

The network fields indicate where a remote logon request originated. Workstation name is not always available and may be left blank in some cases.

The impersonation level field indicates the extent to which a process in the logon session can impersonate.

The authentication information fields provide detailed information about this specific logon request.
	- Logon GUID is a unique identifier that can be used to correlate this event with a KDC event.
	- Transited services indicate which intermediate services have participated in this logon request.
	- Package name indicates which sub-protocol was used among the NTLM protocols.
	- Key length indicates the length of the generated session key. This will be 0 if no session key was requested.","Microsoft-Windows-Security-Auditing","System.String[]","4624","8/7/2020 10:35:54 PM","8/7/2020 10:35:54 PM",,,
"4608","WIN-4ODLTDU191U","System.Byte[]","15","(12288)","12288","SuccessAudit","Windows is starting up.

This event is logged when LSASS.EXE starts and the auditing subsystem is initialized.","Microsoft-Windows-Security-Auditing","System.String[]","4608","8/7/2020 10:35:54 PM","8/7/2020 10:35:54 PM",,,
"4688","WIN-4ODLTDU191U","System.Byte[]","14","(13312)","13312","SuccessAudit","A new process has been created.

Creator Subject:
	Security ID:		S-1-5-18
	Account Name:		-
	Account Domain:		-
	Logon ID:		0x3e7

Target Subject:
	Security ID:		S-1-0-0
	Account Name:		-
	Account Domain:		-
	Logon ID:		0x0

Process Information:
	New Process ID:		0x2b8
	New Process Name:	C
	Token Elevation Type:	%%1936
	Mandatory Label:		S-1-16-16384
	Creator Process ID:	0x224
	Creator Process Name:	C
	Process Command Line:	

Token Elevation Type indicates the type of token that was assigned to the new process in accordance with User Account Control policy.

Type 1 is a full token with no privileges removed or groups disabled.  A full token is only used if User Account Control is disabled or if the user is the built-in Administrator account or a service account.

Type 2 is an elevated token with no privileges removed or groups disabled.  An elevated token is used when User Account Control is enabled and the user chooses to start the program using Run as administrator.  An elevated token is also used when an application is configured to always require administrative privilege or to always require maximum privilege, and the user is a member of the Administrators group.

Type 3 is a limited token with administrative privileges removed and administrative groups disabled.  The limited token is used when User Account Control is enabled, the application does not require administrative privilege, and the user does not choose to start the program using Run as administrator.","Microsoft-Windows-Security-Auditing","System.String[]","4688","8/7/2020 10:35:54 PM","8/7/2020 10:35:54 PM",,,
"4688","WIN-4ODLTDU191U","System.Byte[]","13","(13312)","13312","SuccessAudit","A new process has been created.

Creator Subject:
	Security ID:		S-1-5-18
	Account Name:		-
	Account Domain:		-
	Logon ID:		0x3e7

Target Subject:
	Security ID:		S-1-0-0
	Account Name:		-
	Account Domain:		-
	Logon ID:		0x0

Process Information:
	New Process ID:		0x29c
	New Process Name:	C
	Token Elevation Type:	%%1936
	Mandatory Label:		S-1-16-16384
	Creator Process ID:	0x224
	Creator Process Name:	C
	Process Command Line:	

Token Elevation Type indicates the type of token that was assigned to the new process in accordance with User Account Control policy.

Type 1 is a full token with no privileges removed or groups disabled.  A full token is only used if User Account Control is disabled or if the user is the built-in Administrator account or a service account.

Type 2 is an elevated token with no privileges removed or groups disabled.  An elevated token is used when User Account Control is enabled and the user chooses to start the program using Run as administrator.  An elevated token is also used when an application is configured to always require administrative privilege or to always require maximum privilege, and the user is a member of the Administrators group.

Type 3 is a limited token with administrative privileges removed and administrative groups disabled.  The limited token is used when User Account Control is enabled, the application does not require administrative privilege, and the user does not choose to start the program using Run as administrator.","Microsoft-Windows-Security-Auditing","System.String[]","4688","8/7/2020 10:35:54 PM","8/7/2020 10:35:54 PM",,,
"4688","WIN-4ODLTDU191U","System.Byte[]","12","(13312)","13312","SuccessAudit","A new process has been created.

Creator Subject:
	Security ID:		S-1-5-18
	Account Name:		-
	Account Domain:		-
	Logon ID:		0x3e7

Target Subject:
	Security ID:		S-1-0-0
	Account Name:		-
	Account Domain:		-
	Logon ID:		0x0

Process Information:
	New Process ID:		0x280
	New Process Name:	C
	Token Elevation Type:	%%1936
	Mandatory Label:		S-1-16-16384
	Creator Process ID:	0x21c
	Creator Process Name:	C
	Process Command Line:	

Token Elevation Type indicates the type of token that was assigned to the new process in accordance with User Account Control policy.

Type 1 is a full token with no privileges removed or groups disabled.  A full token is only used if User Account Control is disabled or if the user is the built-in Administrator account or a service account.

Type 2 is an elevated token with no privileges removed or groups disabled.  An elevated token is used when User Account Control is enabled and the user chooses to start the program using Run as administrator.  An elevated token is also used when an application is configured to always require administrative privilege or to always require maximum privilege, and the user is a member of the Administrators group.

Type 3 is a limited token with administrative privileges removed and administrative groups disabled.  The limited token is used when User Account Control is enabled, the application does not require administrative privilege, and the user does not choose to start the program using Run as administrator.","Microsoft-Windows-Security-Auditing","System.String[]","4688","8/7/2020 10:35:53 PM","8/7/2020 10:35:53 PM",,,
"4688","WIN-4ODLTDU191U","System.Byte[]","11","(13312)","13312","SuccessAudit","A new process has been created.

Creator Subject:
	Security ID:		S-1-5-18
	Account Name:		-
	Account Domain:		-
	Logon ID:		0x3e7

Target Subject:
	Security ID:		S-1-0-0
	Account Name:		-
	Account Domain:		-
	Logon ID:		0x0

Process Information:
	New Process ID:		0x22c
	New Process Name:	C
	Token Elevation Type:	%%1936
	Mandatory Label:		S-1-16-16384
	Creator Process ID:	0x21c
	Creator Process Name:	C
	Process Command Line:	

Token Elevation Type indicates the type of token that was assigned to the new process in accordance with User Account Control policy.

Type 1 is a full token with no privileges removed or groups disabled.  A full token is only used if User Account Control is disabled or if the user is the built-in Administrator account or a service account.

Type 2 is an elevated token with no privileges removed or groups disabled.  An elevated token is used when User Account Control is enabled and the user chooses to start the program using Run as administrator.  An elevated token is also used when an application is configured to always require administrative privilege or to always require maximum privilege, and the user is a member of the Administrators group.

Type 3 is a limited token with administrative privileges removed and administrative groups disabled.  The limited token is used when User Account Control is enabled, the application does not require administrative privilege, and the user does not choose to start the program using Run as administrator.","Microsoft-Windows-Security-Auditing","System.String[]","4688","8/7/2020 10:35:53 PM","8/7/2020 10:35:53 PM",,,
"4688","WIN-4ODLTDU191U","System.Byte[]","10","(13312)","13312","SuccessAudit","A new process has been created.

Creator Subject:
	Security ID:		S-1-5-18
	Account Name:		-
	Account Domain:		-
	Logon ID:		0x3e7

Target Subject:
	Security ID:		S-1-0-0
	Account Name:		-
	Account Domain:		-
	Logon ID:		0x0

Process Information:
	New Process ID:		0x224
	New Process Name:	C
	Token Elevation Type:	%%1936
	Mandatory Label:		S-1-16-16384
	Creator Process ID:	0x1d8
	Creator Process Name:	C
	Process Command Line:	

Token Elevation Type indicates the type of token that was assigned to the new process in accordance with User Account Control policy.

Type 1 is a full token with no privileges removed or groups disabled.  A full token is only used if User Account Control is disabled or if the user is the built-in Administrator account or a service account.

Type 2 is an elevated token with no privileges removed or groups disabled.  An elevated token is used when User Account Control is enabled and the user chooses to start the program using Run as administrator.  An elevated token is also used when an application is configured to always require administrative privilege or to always require maximum privilege, and the user is a member of the Administrators group.

Type 3 is a limited token with administrative privileges removed and administrative groups disabled.  The limited token is used when User Account Control is enabled, the application does not require administrative privilege, and the user does not choose to start the program using Run as administrator.","Microsoft-Windows-Security-Auditing","System.String[]","4688","8/7/2020 10:35:53 PM","8/7/2020 10:35:53 PM",,,
"4688","WIN-4ODLTDU191U","System.Byte[]","9","(13312)","13312","SuccessAudit","A new process has been created.

Creator Subject:
	Security ID:		S-1-5-18
	Account Name:		-
	Account Domain:		-
	Logon ID:		0x3e7

Target Subject:
	Security ID:		S-1-0-0
	Account Name:		-
	Account Domain:		-
	Logon ID:		0x0

Process Information:
	New Process ID:		0x21c
	New Process Name:	C
	Token Elevation Type:	%%1936
	Mandatory Label:		S-1-16-16384
	Creator Process ID:	0x160
	Creator Process Name:	C
	Process Command Line:	

Token Elevation Type indicates the type of token that was assigned to the new process in accordance with User Account Control policy.

Type 1 is a full token with no privileges removed or groups disabled.  A full token is only used if User Account Control is disabled or if the user is the built-in Administrator account or a service account.

Type 2 is an elevated token with no privileges removed or groups disabled.  An elevated token is used when User Account Control is enabled and the user chooses to start the program using Run as administrator.  An elevated token is also used when an application is configured to always require administrative privilege or to always require maximum privilege, and the user is a member of the Administrators group.

Type 3 is a limited token with administrative privileges removed and administrative groups disabled.  The limited token is used when User Account Control is enabled, the application does not require administrative privilege, and the user does not choose to start the program using Run as administrator.","Microsoft-Windows-Security-Auditing","System.String[]","4688","8/7/2020 10:35:53 PM","8/7/2020 10:35:53 PM",,,
"4688","WIN-4ODLTDU191U","System.Byte[]","8","(13312)","13312","SuccessAudit","A new process has been created.

Creator Subject:
	Security ID:		S-1-5-18
	Account Name:		-
	Account Domain:		-
	Logon ID:		0x3e7

Target Subject:
	Security ID:		S-1-0-0
	Account Name:		-
	Account Domain:		-
	Logon ID:		0x0

Process Information:
	New Process ID:		0x1e0
	New Process Name:	C
	Token Elevation Type:	%%1936
	Mandatory Label:		S-1-16-16384
	Creator Process ID:	0x1d8
	Creator Process Name:	C
	Process Command Line:	

Token Elevation Type indicates the type of token that was assigned to the new process in accordance with User Account Control policy.

Type 1 is a full token with no privileges removed or groups disabled.  A full token is only used if User Account Control is disabled or if the user is the built-in Administrator account or a service account.

Type 2 is an elevated token with no privileges removed or groups disabled.  An elevated token is used when User Account Control is enabled and the user chooses to start the program using Run as administrator.  An elevated token is also used when an application is configured to always require administrative privilege or to always require maximum privilege, and the user is a member of the Administrators group.

Type 3 is a limited token with administrative privileges removed and administrative groups disabled.  The limited token is used when User Account Control is enabled, the application does not require administrative privilege, and the user does not choose to start the program using Run as administrator.","Microsoft-Windows-Security-Auditing","System.String[]","4688","8/7/2020 10:35:53 PM","8/7/2020 10:35:53 PM",,,
"4688","WIN-4ODLTDU191U","System.Byte[]","7","(13312)","13312","SuccessAudit","A new process has been created.

Creator Subject:
	Security ID:		S-1-5-18
	Account Name:		-
	Account Domain:		-
	Logon ID:		0x3e7

Target Subject:
	Security ID:		S-1-0-0
	Account Name:		-
	Account Domain:		-
	Logon ID:		0x0

Process Information:
	New Process ID:		0x1d8
	New Process Name:	C
	Token Elevation Type:	%%1936
	Mandatory Label:		S-1-16-16384
	Creator Process ID:	0x160
	Creator Process Name:	C
	Process Command Line:	

Token Elevation Type indicates the type of token that was assigned to the new process in accordance with User Account Control policy.

Type 1 is a full token with no privileges removed or groups disabled.  A full token is only used if User Account Control is disabled or if the user is the built-in Administrator account or a service account.

Type 2 is an elevated token with no privileges removed or groups disabled.  An elevated token is used when User Account Control is enabled and the user chooses to start the program using Run as administrator.  An elevated token is also used when an application is configured to always require administrative privilege or to always require maximum privilege, and the user is a member of the Administrators group.

Type 3 is a limited token with administrative privileges removed and administrative groups disabled.  The limited token is used when User Account Control is enabled, the application does not require administrative privilege, and the user does not choose to start the program using Run as administrator.","Microsoft-Windows-Security-Auditing","System.String[]","4688","8/7/2020 10:35:53 PM","8/7/2020 10:35:53 PM",,,
"4688","WIN-4ODLTDU191U","System.Byte[]","6","(13312)","13312","SuccessAudit","A new process has been created.

Creator Subject:
	Security ID:		S-1-5-18
	Account Name:		-
	Account Domain:		-
	Logon ID:		0x3e7

Target Subject:
	Security ID:		S-1-0-0
	Account Name:		-
	Account Domain:		-
	Logon ID:		0x0

Process Information:
	New Process ID:		0x1b4
	New Process Name:	C
	Token Elevation Type:	%%1936
	Mandatory Label:		S-1-16-16384
	Creator Process ID:	0x160
	Creator Process Name:	C
	Process Command Line:	

Token Elevation Type indicates the type of token that was assigned to the new process in accordance with User Account Control policy.

Type 1 is a full token with no privileges removed or groups disabled.  A full token is only used if User Account Control is disabled or if the user is the built-in Administrator account or a service account.

Type 2 is an elevated token with no privileges removed or groups disabled.  An elevated token is used when User Account Control is enabled and the user chooses to start the program using Run as administrator.  An elevated token is also used when an application is configured to always require administrative privilege or to always require maximum privilege, and the user is a member of the Administrators group.

Type 3 is a limited token with administrative privileges removed and administrative groups disabled.  The limited token is used when User Account Control is enabled, the application does not require administrative privilege, and the user does not choose to start the program using Run as administrator.","Microsoft-Windows-Security-Auditing","System.String[]","4688","8/7/2020 10:35:50 PM","8/7/2020 10:35:50 PM",,,
"4688","WIN-4ODLTDU191U","System.Byte[]","5","(13312)","13312","SuccessAudit","A new process has been created.

Creator Subject:
	Security ID:		S-1-5-18
	Account Name:		-
	Account Domain:		-
	Logon ID:		0x3e7

Target Subject:
	Security ID:		S-1-0-0
	Account Name:		-
	Account Domain:		-
	Logon ID:		0x0

Process Information:
	New Process ID:		0x180
	New Process Name:	C
	Token Elevation Type:	%%1936
	Mandatory Label:		S-1-16-16384
	Creator Process ID:	0x160
	Creator Process Name:	C
	Process Command Line:	

Token Elevation Type indicates the type of token that was assigned to the new process in accordance with User Account Control policy.

Type 1 is a full token with no privileges removed or groups disabled.  A full token is only used if User Account Control is disabled or if the user is the built-in Administrator account or a service account.

Type 2 is an elevated token with no privileges removed or groups disabled.  An elevated token is used when User Account Control is enabled and the user chooses to start the program using Run as administrator.  An elevated token is also used when an application is configured to always require administrative privilege or to always require maximum privilege, and the user is a member of the Administrators group.

Type 3 is a limited token with administrative privileges removed and administrative groups disabled.  The limited token is used when User Account Control is enabled, the application does not require administrative privilege, and the user does not choose to start the program using Run as administrator.","Microsoft-Windows-Security-Auditing","System.String[]","4688","8/7/2020 10:35:50 PM","8/7/2020 10:35:50 PM",,,
"4688","WIN-4ODLTDU191U","System.Byte[]","4","(13312)","13312","SuccessAudit","A new process has been created.

Creator Subject:
	Security ID:		S-1-5-18
	Account Name:		-
	Account Domain:		-
	Logon ID:		0x3e7

Target Subject:
	Security ID:		S-1-0-0
	Account Name:		-
	Account Domain:		-
	Logon ID:		0x0

Process Information:
	New Process ID:		0x160
	New Process Name:	C
	Token Elevation Type:	%%1936
	Mandatory Label:		S-1-16-16384
	Creator Process ID:	0x4
	Creator Process Name:	
	Process Command Line:	

Token Elevation Type indicates the type of token that was assigned to the new process in accordance with User Account Control policy.

Type 1 is a full token with no privileges removed or groups disabled.  A full token is only used if User Account Control is disabled or if the user is the built-in Administrator account or a service account.

Type 2 is an elevated token with no privileges removed or groups disabled.  An elevated token is used when User Account Control is enabled and the user chooses to start the program using Run as administrator.  An elevated token is also used when an application is configured to always require administrative privilege or to always require maximum privilege, and the user is a member of the Administrators group.

Type 3 is a limited token with administrative privileges removed and administrative groups disabled.  The limited token is used when User Account Control is enabled, the application does not require administrative privilege, and the user does not choose to start the program using Run as administrator.","Microsoft-Windows-Security-Auditing","System.String[]","4688","8/7/2020 10:35:50 PM","8/7/2020 10:35:50 PM",,,
"4826","WIN-4ODLTDU191U","System.Byte[]","3","(13573)","13573","SuccessAudit","Boot Configuration Data loaded.

Subject:
	Security ID:		S-1-5-18
	Account Name:		-
	Account Domain:		-
	Logon ID:		0x3e7

General Settings:
	Load Options:		-
	Advanced Options:		%%1843
	Configuration Access Policy:	%%1846
	System Event Logging:	%%1843
	Kernel Debugging:	%%1843
	VSM Launch Type:	%%1848

Signature Settings:
	Test Signing:		%%1843
	Flight Signing:		%%1843
	Disable Integrity Checks:	%%1843

HyperVisor Settings:
	HyperVisor Load Options:	-
	HyperVisor Launch Type:	%%1848
	HyperVisor Debugging:	%%1843","Microsoft-Windows-Security-Auditing","System.String[]","4826","8/7/2020 10:35:50 PM","8/7/2020 10:35:50 PM",,,
"4696","WIN-4ODLTDU191U","System.Byte[]","2","(13312)","13312","SuccessAudit","A primary token was assigned to process.

Subject:
	Security ID:		S-1-5-18
	Account Name:		-
	Account Domain:		-
	Logon ID:		0x3e7

Process Information:
	Process ID:	0x4
	Process Name:	

Target Process:
	Target Process ID:	0x5c
	Target Process Name:	Registry

New Token Information:
	Security ID:		S-1-0-0
	Account Name:		-
	Account Domain:		-
	Logon ID:		0x3e7","Microsoft-Windows-Security-Auditing","System.String[]","4696","8/7/2020 10:35:50 PM","8/7/2020 10:35:50 PM",,,
"4688","WIN-4ODLTDU191U","System.Byte[]","1","(13312)","13312","SuccessAudit","A new process has been created.

Creator Subject:
	Security ID:		S-1-5-18
	Account Name:		-
	Account Domain:		-
	Logon ID:		0x3e7

Target Subject:
	Security ID:		S-1-0-0
	Account Name:		-
	Account Domain:		-
	Logon ID:		0x0

Process Information:
	New Process ID:		0x5c
	New Process Name:	R
	Token Elevation Type:	%%1936
	Mandatory Label:		S-1-16-16384
	Creator Process ID:	0x4
	Creator Process Name:	
	Process Command Line:	

Token Elevation Type indicates the type of token that was assigned to the new process in accordance with User Account Control policy.

Type 1 is a full token with no privileges removed or groups disabled.  A full token is only used if User Account Control is disabled or if the user is the built-in Administrator account or a service account.

Type 2 is an elevated token with no privileges removed or groups disabled.  An elevated token is used when User Account Control is enabled and the user chooses to start the program using Run as administrator.  An elevated token is also used when an application is configured to always require administrative privilege or to always require maximum privilege, and the user is a member of the Administrators group.

Type 3 is a limited token with administrative privileges removed and administrative groups disabled.  The limited token is used when User Account Control is enabled, the application does not require administrative privilege, and the user does not choose to start the program using Run as administrator.","Microsoft-Windows-Security-Auditing","System.String[]","4688","8/7/2020 10:35:50 PM","8/7/2020 10:35:50 PM",,,
