"4624","WIN-4ODLTDU191U","System.Byte[]","270","(12544)","12544","SuccessAudit","An account was successfully logged on.

Subject:
	Security ID:		S-1-5-18
	Account Name:		WIN-4ODLTDU191U$
	Account Domain:		WORKGROUP
	Logon ID:		0x3e7

Logon Information:
	Logon Type:		2
	Restricted Admin Mode:	-
	Virtual Account:		%%1843
	Elevated Token:		%%1842

Impersonation Level:		%%1833

New Logon:
	Security ID:		S-1-5-21-3795337189-2139767661-1522285752-500
	Account Name:		Administrator
	Account Domain:		WIN-4ODLTDU191U
	Logon ID:		0x20a2e
	Linked Logon ID:		0x0
	Network Account Name:	-
	Network Account Domain:	-
	Logon GUID:		{00000000-0000-0000-0000-000000000000}

Process Information:
	Process ID:		0x3ec
	Process Name:		C:\Windows\System32\svchost.exe

Network Information:
	Workstation Name:	WIN-4ODLTDU191U
	Source Network Address:	127.0.0.1
	Source Port:		0

Detailed Authentication Information:
	Logon Process:		User32 
	Authentication Package:	Negotiate
	Transited Services:	-
	Package Name (NTLM only):	-
	Key Length:		0

This event is generated when a logon session is created. It is generated on the computer that was accessed.

The subject fields indicate the account on the local system which requested the logon. This is most commonly a service such as the Server service, or a local process such as Winlogon.exe or Services.exe.

The logon type field indicates the kind of logon that occurred. The most common types are 2 (interactive) and 3 (network).

The New Logon fields indicate the account for whom the new logon was created, i.e. the account that was logged on.

The network fields indicate where a remote logon request originated. Workstation name is not always available and may be left blank in some cases.

The impersonation level field indicates the extent to which a process in the logon session can impersonate.

The authentication information fields provide detailed information about this specific logon request.
	- Logon GUID is a unique identifier that can be used to correlate this event with a KDC event.
	- Transited services indicate which intermediate services have participated in this logon request.
	- Package name indicates which sub-protocol was used among the NTLM protocols.
	- Key length indicates the length of the generated session key. This will be 0 if no session key was requested.","Microsoft-Windows-Security-Auditing","System.String[]","4624","8/7/2020 10:36:26 PM","8/7/2020 10:36:26 PM",,,
"4648","WIN-4ODLTDU191U","System.Byte[]","269","(12544)","12544","SuccessAudit","A logon was attempted using explicit credentials.

Subject:
	Security ID:		S-1-5-18
	Account Name:		WIN-4ODLTDU191U$
	Account Domain:		WORKGROUP
	Logon ID:		0x3e7
	Logon GUID:		{00000000-0000-0000-0000-000000000000}

Account Whose Credentials Were Used:
	Account Name:		Administrator
	Account Domain:		WIN-4ODLTDU191U
	Logon GUID:		{00000000-0000-0000-0000-000000000000}

Target Server:
	Target Server Name:	localhost
	Additional Information:	localhost

Process Information:
	Process ID:		0x3ec
	Process Name:		C:\Windows\System32\svchost.exe

Network Information:
	Network Address:	127.0.0.1
	Port:			0

This event is generated when a process attempts to log on an account by explicitly specifying that account?s credentials.  This most commonly occurs in batch-type configurations such as scheduled tasks, or when using the RUNAS command.","Microsoft-Windows-Security-Auditing","System.String[]","4648","8/7/2020 10:36:26 PM","8/7/2020 10:36:26 PM",,,
"4776","WIN-4ODLTDU191U","System.Byte[]","268","(14336)","14336","SuccessAudit","The computer attempted to validate the credentials for an account.

Authentication Package:	MICROSOFT_AUTHENTICATION_PACKAGE_V1_0
Logon Account:	Administrator
Source Workstation:	WIN-4ODLTDU191U
Error Code:	0x0","Microsoft-Windows-Security-Auditing","System.String[]","4776","8/7/2020 10:36:26 PM","8/7/2020 10:36:26 PM",,,
"4798","WIN-4ODLTDU191U","System.Byte[]","267","(13824)","13824","SuccessAudit","A user's local group membership was enumerated.

Subject:
	Security ID:		S-1-5-18
	Account Name:		WIN-4ODLTDU191U$
	Account Domain:		WORKGROUP
	Logon ID:		0x3e7

User:
	Security ID:		S-1-5-21-3795337189-2139767661-1522285752-500
	Account Name:		Administrator
	Account Domain:		WIN-4ODLTDU191U

Process Information:
	Process ID:		0x904
	Process Name:		C:\Windows\System32\LogonUI.exe","Microsoft-Windows-Security-Auditing","System.String[]","4798","8/7/2020 10:36:26 PM","8/7/2020 10:36:26 PM",,,
"5061","WIN-4ODLTDU191U","System.Byte[]","266","(12290)","12290","SuccessAudit","Cryptographic operation.

Subject:
	Security ID:		S-1-5-18
	Account Name:		WIN-4ODLTDU191U$
	Account Domain:		WORKGROUP
	Logon ID:		0x3e7

Cryptographic Parameters:
	Provider Name:	Microsoft Software Key Storage Provider
	Algorithm Name:	RSA
	Key Name:	TSSecKeySet1
	Key Type:	%%2499

Cryptographic Operation:
	Operation:	%%2480
	Return Code:	0x0","Microsoft-Windows-Security-Auditing","System.String[]","5061","8/7/2020 10:36:25 PM","8/7/2020 10:36:25 PM",,,
"5058","WIN-4ODLTDU191U","System.Byte[]","265","(12292)","12292","SuccessAudit","Key file operation.

Subject:
	Security ID:		S-1-5-18
	Account Name:		WIN-4ODLTDU191U$
	Account Domain:		WORKGROUP
	Logon ID:		0x3e7

Process Information:
	Process ID:		1004
	Process Creation Time:	2020-08-08T05:36:14.0289471Z

Cryptographic Parameters:
	Provider Name:	Microsoft Software Key Storage Provider
	Algorithm Name:	UNKNOWN
	Key Name:	TSSecKeySet1
	Key Type:	%%2499

Key File Operation Information:
	File Path:	C:\ProgramData\Microsoft\Crypto\RSA\MachineKeys\f686aace6942fb7f7ceb231212eef4a4_b44dc707-ee30-4fa0-b154-7b084dc8d78d
	Operation:	%%2458
	Return Code:	0x0","Microsoft-Windows-Security-Auditing","System.String[]","5058","8/7/2020 10:36:25 PM","8/7/2020 10:36:25 PM",,,
"5061","WIN-4ODLTDU191U","System.Byte[]","264","(12290)","12290","SuccessAudit","Cryptographic operation.

Subject:
	Security ID:		S-1-5-18
	Account Name:		WIN-4ODLTDU191U$
	Account Domain:		WORKGROUP
	Logon ID:		0x3e7

Cryptographic Parameters:
	Provider Name:	Microsoft Software Key Storage Provider
	Algorithm Name:	RSA
	Key Name:	TSSecKeySet1
	Key Type:	%%2499

Cryptographic Operation:
	Operation:	%%2480
	Return Code:	0x0","Microsoft-Windows-Security-Auditing","System.String[]","5061","8/7/2020 10:36:25 PM","8/7/2020 10:36:25 PM",,,
"5058","WIN-4ODLTDU191U","System.Byte[]","263","(12292)","12292","SuccessAudit","Key file operation.

Subject:
	Security ID:		S-1-5-18
	Account Name:		WIN-4ODLTDU191U$
	Account Domain:		WORKGROUP
	Logon ID:		0x3e7

Process Information:
	Process ID:		1004
	Process Creation Time:	2020-08-08T05:36:14.0289471Z

Cryptographic Parameters:
	Provider Name:	Microsoft Software Key Storage Provider
	Algorithm Name:	UNKNOWN
	Key Name:	TSSecKeySet1
	Key Type:	%%2499

Key File Operation Information:
	File Path:	C:\ProgramData\Microsoft\Crypto\RSA\MachineKeys\f686aace6942fb7f7ceb231212eef4a4_b44dc707-ee30-4fa0-b154-7b084dc8d78d
	Operation:	%%2458
	Return Code:	0x0","Microsoft-Windows-Security-Auditing","System.String[]","5058","8/7/2020 10:36:25 PM","8/7/2020 10:36:25 PM",,,
"4672","WIN-4ODLTDU191U","System.Byte[]","262","(12548)","12548","SuccessAudit","Special privileges assigned to new logon.

Subject:
	Security ID:		S-1-5-18
	Account Name:		SYSTEM
	Account Domain:		NT AUTHORITY
	Logon ID:		0x3e7

Privileges:		SeAssignPrimaryTokenPrivilege
			SeTcbPrivilege
			SeSecurityPrivilege
			SeTakeOwnershipPrivilege
			SeLoadDriverPrivilege
			SeBackupPrivilege
			SeRestorePrivilege
			SeDebugPrivilege
			SeAuditPrivilege
			SeSystemEnvironmentPrivilege
			SeImpersonatePrivilege
			SeDelegateSessionUserImpersonatePrivilege","Microsoft-Windows-Security-Auditing","System.String[]","4672","8/7/2020 10:36:25 PM","8/7/2020 10:36:25 PM",,,
"4624","WIN-4ODLTDU191U","System.Byte[]","261","(12544)","12544","SuccessAudit","An account was successfully logged on.

Subject:
	Security ID:		S-1-5-18
	Account Name:		WIN-4ODLTDU191U$
	Account Domain:		WORKGROUP
	Logon ID:		0x3e7

Logon Information:
	Logon Type:		5
	Restricted Admin Mode:	-
	Virtual Account:		%%1843
	Elevated Token:		%%1842

Impersonation Level:		%%1833

New Logon:
	Security ID:		S-1-5-18
	Account Name:		SYSTEM
	Account Domain:		NT AUTHORITY
	Logon ID:		0x3e7
	Linked Logon ID:		0x0
	Network Account Name:	-
	Network Account Domain:	-
	Logon GUID:		{00000000-0000-0000-0000-000000000000}

Process Information:
	Process ID:		0x294
	Process Name:		C:\Windows\System32\services.exe

Network Information:
	Workstation Name:	-
	Source Network Address:	-
	Source Port:		-

Detailed Authentication Information:
	Logon Process:		Advapi  
	Authentication Package:	Negotiate
	Transited Services:	-
	Package Name (NTLM only):	-
	Key Length:		0

This event is generated when a logon session is created. It is generated on the computer that was accessed.

The subject fields indicate the account on the local system which requested the logon. This is most commonly a service such as the Server service, or a local process such as Winlogon.exe or Services.exe.

The logon type field indicates the kind of logon that occurred. The most common types are 2 (interactive) and 3 (network).

The New Logon fields indicate the account for whom the new logon was created, i.e. the account that was logged on.

The network fields indicate where a remote logon request originated. Workstation name is not always available and may be left blank in some cases.

The impersonation level field indicates the extent to which a process in the logon session can impersonate.

The authentication information fields provide detailed information about this specific logon request.
	- Logon GUID is a unique identifier that can be used to correlate this event with a KDC event.
	- Transited services indicate which intermediate services have participated in this logon request.
	- Package name indicates which sub-protocol was used among the NTLM protocols.
	- Key length indicates the length of the generated session key. This will be 0 if no session key was requested.","Microsoft-Windows-Security-Auditing","System.String[]","4624","8/7/2020 10:36:25 PM","8/7/2020 10:36:25 PM",,,
"4799","WIN-4ODLTDU191U","System.Byte[]","260","(13826)","13826","SuccessAudit","A security-enabled local group membership was enumerated.

Subject:
	Security ID:		S-1-5-18
	Account Name:		WIN-4ODLTDU191U$
	Account Domain:		WORKGROUP
	Logon ID:		0x3e7

Group:
	Security ID:		S-1-5-32-551
	Group Name:		Backup Operators
	Group Domain:		Builtin

Process Information:
	Process ID:		0x3ec
	Process Name:		C:\Windows\System32\svchost.exe","Microsoft-Windows-Security-Auditing","System.String[]","4799","8/7/2020 10:36:24 PM","8/7/2020 10:36:24 PM",,,
"4799","WIN-4ODLTDU191U","System.Byte[]","259","(13826)","13826","SuccessAudit","A security-enabled local group membership was enumerated.

Subject:
	Security ID:		S-1-5-18
	Account Name:		WIN-4ODLTDU191U$
	Account Domain:		WORKGROUP
	Logon ID:		0x3e7

Group:
	Security ID:		S-1-5-32-544
	Group Name:		Administrators
	Group Domain:		Builtin

Process Information:
	Process ID:		0x3ec
	Process Name:		C:\Windows\System32\svchost.exe","Microsoft-Windows-Security-Auditing","System.String[]","4799","8/7/2020 10:36:24 PM","8/7/2020 10:36:24 PM",,,
"4737","WIN-4ODLTDU191U","System.Byte[]","258","(13826)","13826","SuccessAudit","A security-enabled global group was changed.

Subject:
	Security ID:		S-1-5-18
	Account Name:		WIN-4ODLTDU191U$
	Account Domain:		WORKGROUP
	Logon ID:		0x3e7

Group:
	Security ID:		S-1-5-21-3795337189-2139767661-1522285752-513
	Group Name:		None
	Group Domain:		WIN-4ODLTDU191U

Changed Attributes:
	SAM Account Name:	None
	SID History:		-

Additional Information:
	Privileges:		-","Microsoft-Windows-Security-Auditing","System.String[]","4737","8/7/2020 10:36:23 PM","8/7/2020 10:36:23 PM",,,
"4781","WIN-4ODLTDU191U","System.Byte[]","257","(13824)","13824","SuccessAudit","The name of an account was changed:

Subject:
	Security ID:		S-1-5-18
	Account Name:		WIN-4ODLTDU191U$
	Account Domain:		WORKGROUP
	Logon ID:		0x3e7

Target Account:
	Security ID:		S-1-5-21-3795337189-2139767661-1522285752-513
	Account Domain:		WIN-4ODLTDU191U
	Old Account Name:	None
	New Account Name:	None

Additional Information:
	Privileges:		-","Microsoft-Windows-Security-Auditing","System.String[]","4781","8/7/2020 10:36:23 PM","8/7/2020 10:36:23 PM",,,
"4737","WIN-4ODLTDU191U","System.Byte[]","256","(13826)","13826","SuccessAudit","A security-enabled global group was changed.

Subject:
	Security ID:		S-1-5-18
	Account Name:		WIN-4ODLTDU191U$
	Account Domain:		WORKGROUP
	Logon ID:		0x3e7

Group:
	Security ID:		S-1-5-21-3795337189-2139767661-1522285752-513
	Group Name:		None
	Group Domain:		WIN-4ODLTDU191U

Changed Attributes:
	SAM Account Name:	-
	SID History:		-

Additional Information:
	Privileges:		-","Microsoft-Windows-Security-Auditing","System.String[]","4737","8/7/2020 10:36:23 PM","8/7/2020 10:36:23 PM",,,
"4738","WIN-4ODLTDU191U","System.Byte[]","255","(13824)","13824","SuccessAudit","A user account was changed.

Subject:
	Security ID:		S-1-5-18
	Account Name:		WIN-4ODLTDU191U$
	Account Domain:		WORKGROUP
	Logon ID:		0x3e7

Target Account:
	Security ID:		S-1-5-21-3795337189-2139767661-1522285752-504
	Account Name:		WDAGUtilityAccount
	Account Domain:		WIN-4ODLTDU191U

Changed Attributes:
	SAM Account Name:	WDAGUtilityAccount
	Display Name:		%%1793
	User Principal Name:	-
	Home Directory:		%%1793
	Home Drive:		%%1793
	Script Path:		%%1793
	Profile Path:		%%1793
	User Workstations:	%%1793
	Password Last Set:	%%1794
	Account Expires:		%%1794
	Primary Group ID:	513
	AllowedToDelegateTo:	-
	Old UAC Value:		0x11
	New UAC Value:		0x11
	User Account Control:	-
	User Parameters:	%%1793
	SID History:		-
	Logon Hours:		%%1797

Additional Information:
	Privileges:		-","Microsoft-Windows-Security-Auditing","System.String[]","4738","8/7/2020 10:36:23 PM","8/7/2020 10:36:23 PM",,,
"4738","WIN-4ODLTDU191U","System.Byte[]","254","(13824)","13824","SuccessAudit","A user account was changed.

Subject:
	Security ID:		S-1-5-18
	Account Name:		WIN-4ODLTDU191U$
	Account Domain:		WORKGROUP
	Logon ID:		0x3e7

Target Account:
	Security ID:		S-1-5-21-3795337189-2139767661-1522285752-504
	Account Name:		WDAGUtilityAccount
	Account Domain:		WIN-4ODLTDU191U

Changed Attributes:
	SAM Account Name:	WDAGUtilityAccount
	Display Name:		%%1793
	User Principal Name:	-
	Home Directory:		%%1793
	Home Drive:		%%1793
	Script Path:		%%1793
	Profile Path:		%%1793
	User Workstations:	%%1793
	Password Last Set:	%%1794
	Account Expires:		%%1794
	Primary Group ID:	513
	AllowedToDelegateTo:	-
	Old UAC Value:		0x11
	New UAC Value:		0x11
	User Account Control:	-
	User Parameters:	%%1793
	SID History:		-
	Logon Hours:		%%1797

Additional Information:
	Privileges:		-","Microsoft-Windows-Security-Auditing","System.String[]","4738","8/7/2020 10:36:23 PM","8/7/2020 10:36:23 PM",,,
"4738","WIN-4ODLTDU191U","System.Byte[]","253","(13824)","13824","SuccessAudit","A user account was changed.

Subject:
	Security ID:		S-1-5-18
	Account Name:		WIN-4ODLTDU191U$
	Account Domain:		WORKGROUP
	Logon ID:		0x3e7

Target Account:
	Security ID:		S-1-5-21-3795337189-2139767661-1522285752-503
	Account Name:		DefaultAccount
	Account Domain:		WIN-4ODLTDU191U

Changed Attributes:
	SAM Account Name:	DefaultAccount
	Display Name:		%%1793
	User Principal Name:	-
	Home Directory:		%%1793
	Home Drive:		%%1793
	Script Path:		%%1793
	Profile Path:		%%1793
	User Workstations:	%%1793
	Password Last Set:	%%1794
	Account Expires:		%%1794
	Primary Group ID:	513
	AllowedToDelegateTo:	-
	Old UAC Value:		0x215
	New UAC Value:		0x215
	User Account Control:	-
	User Parameters:	%%1793
	SID History:		-
	Logon Hours:		%%1797

Additional Information:
	Privileges:		-","Microsoft-Windows-Security-Auditing","System.String[]","4738","8/7/2020 10:36:23 PM","8/7/2020 10:36:23 PM",,,
"4738","WIN-4ODLTDU191U","System.Byte[]","252","(13824)","13824","SuccessAudit","A user account was changed.

Subject:
	Security ID:		S-1-5-18
	Account Name:		WIN-4ODLTDU191U$
	Account Domain:		WORKGROUP
	Logon ID:		0x3e7

Target Account:
	Security ID:		S-1-5-21-3795337189-2139767661-1522285752-503
	Account Name:		DefaultAccount
	Account Domain:		WIN-4ODLTDU191U

Changed Attributes:
	SAM Account Name:	DefaultAccount
	Display Name:		%%1793
	User Principal Name:	-
	Home Directory:		%%1793
	Home Drive:		%%1793
	Script Path:		%%1793
	Profile Path:		%%1793
	User Workstations:	%%1793
	Password Last Set:	%%1794
	Account Expires:		%%1794
	Primary Group ID:	513
	AllowedToDelegateTo:	-
	Old UAC Value:		0x215
	New UAC Value:		0x215
	User Account Control:	-
	User Parameters:	%%1793
	SID History:		-
	Logon Hours:		%%1797

Additional Information:
	Privileges:		-","Microsoft-Windows-Security-Auditing","System.String[]","4738","8/7/2020 10:36:23 PM","8/7/2020 10:36:23 PM",,,
"4738","WIN-4ODLTDU191U","System.Byte[]","251","(13824)","13824","SuccessAudit","A user account was changed.

Subject:
	Security ID:		S-1-5-18
	Account Name:		WIN-4ODLTDU191U$
	Account Domain:		WORKGROUP
	Logon ID:		0x3e7

Target Account:
	Security ID:		S-1-5-21-3795337189-2139767661-1522285752-501
	Account Name:		Guest
	Account Domain:		WIN-4ODLTDU191U

Changed Attributes:
	SAM Account Name:	Guest
	Display Name:		%%1793
	User Principal Name:	-
	Home Directory:		%%1793
	Home Drive:		%%1793
	Script Path:		%%1793
	Profile Path:		%%1793
	User Workstations:	%%1793
	Password Last Set:	%%1794
	Account Expires:		%%1794
	Primary Group ID:	513
	AllowedToDelegateTo:	-
	Old UAC Value:		0x215
	New UAC Value:		0x215
	User Account Control:	-
	User Parameters:	%%1793
	SID History:		-
	Logon Hours:		%%1797

Additional Information:
	Privileges:		-","Microsoft-Windows-Security-Auditing","System.String[]","4738","8/7/2020 10:36:23 PM","8/7/2020 10:36:23 PM",,,
"4738","WIN-4ODLTDU191U","System.Byte[]","250","(13824)","13824","SuccessAudit","A user account was changed.

Subject:
	Security ID:		S-1-5-18
	Account Name:		WIN-4ODLTDU191U$
	Account Domain:		WORKGROUP
	Logon ID:		0x3e7

Target Account:
	Security ID:		S-1-5-21-3795337189-2139767661-1522285752-501
	Account Name:		Guest
	Account Domain:		WIN-4ODLTDU191U

Changed Attributes:
	SAM Account Name:	Guest
	Display Name:		%%1793
	User Principal Name:	-
	Home Directory:		%%1793
	Home Drive:		%%1793
	Script Path:		%%1793
	Profile Path:		%%1793
	User Workstations:	%%1793
	Password Last Set:	%%1794
	Account Expires:		%%1794
	Primary Group ID:	513
	AllowedToDelegateTo:	-
	Old UAC Value:		0x215
	New UAC Value:		0x215
	User Account Control:	-
	User Parameters:	%%1793
	SID History:		-
	Logon Hours:		%%1797

Additional Information:
	Privileges:		-","Microsoft-Windows-Security-Auditing","System.String[]","4738","8/7/2020 10:36:23 PM","8/7/2020 10:36:23 PM",,,
"4738","WIN-4ODLTDU191U","System.Byte[]","249","(13824)","13824","SuccessAudit","A user account was changed.

Subject:
	Security ID:		S-1-5-18
	Account Name:		WIN-4ODLTDU191U$
	Account Domain:		WORKGROUP
	Logon ID:		0x3e7

Target Account:
	Security ID:		S-1-5-21-3795337189-2139767661-1522285752-500
	Account Name:		Administrator
	Account Domain:		WIN-4ODLTDU191U

Changed Attributes:
	SAM Account Name:	Administrator
	Display Name:		%%1793
	User Principal Name:	-
	Home Directory:		%%1793
	Home Drive:		%%1793
	Script Path:		%%1793
	Profile Path:		%%1793
	User Workstations:	%%1793
	Password Last Set:	8/7/2020 10:36:19 PM
	Account Expires:		%%1794
	Primary Group ID:	513
	AllowedToDelegateTo:	-
	Old UAC Value:		0x10
	New UAC Value:		0x10
	User Account Control:	-
	User Parameters:	%%1793
	SID History:		-
	Logon Hours:		%%1797

Additional Information:
	Privileges:		-","Microsoft-Windows-Security-Auditing","System.String[]","4738","8/7/2020 10:36:23 PM","8/7/2020 10:36:23 PM",,,
"4738","WIN-4ODLTDU191U","System.Byte[]","248","(13824)","13824","SuccessAudit","A user account was changed.

Subject:
	Security ID:		S-1-5-18
	Account Name:		WIN-4ODLTDU191U$
	Account Domain:		WORKGROUP
	Logon ID:		0x3e7

Target Account:
	Security ID:		S-1-5-21-3795337189-2139767661-1522285752-500
	Account Name:		Administrator
	Account Domain:		WIN-4ODLTDU191U

Changed Attributes:
	SAM Account Name:	Administrator
	Display Name:		%%1793
	User Principal Name:	-
	Home Directory:		%%1793
	Home Drive:		%%1793
	Script Path:		%%1793
	Profile Path:		%%1793
	User Workstations:	%%1793
	Password Last Set:	8/7/2020 10:36:19 PM
	Account Expires:		%%1794
	Primary Group ID:	513
	AllowedToDelegateTo:	-
	Old UAC Value:		0x10
	New UAC Value:		0x10
	User Account Control:	-
	User Parameters:	%%1793
	SID History:		-
	Logon Hours:		%%1797

Additional Information:
	Privileges:		-","Microsoft-Windows-Security-Auditing","System.String[]","4738","8/7/2020 10:36:23 PM","8/7/2020 10:36:23 PM",,,
"4735","WIN-4ODLTDU191U","System.Byte[]","247","(13826)","13826","SuccessAudit","A security-enabled local group was changed.

Subject:
	Security ID:		S-1-5-18
	Account Name:		WIN-4ODLTDU191U$
	Account Domain:		WORKGROUP
	Logon ID:		0x3e7

Group:
	Security ID:		S-1-5-32-583
	Group Name:		Device Owners
	Group Domain:		Builtin

Changed Attributes:
	SAM Account Name:	Device Owners
	SID History:		-

Additional Information:
	Privileges:		-","Microsoft-Windows-Security-Auditing","System.String[]","4735","8/7/2020 10:36:23 PM","8/7/2020 10:36:23 PM",,,
"4781","WIN-4ODLTDU191U","System.Byte[]","246","(13824)","13824","SuccessAudit","The name of an account was changed:

Subject:
	Security ID:		S-1-5-18
	Account Name:		WIN-4ODLTDU191U$
	Account Domain:		WORKGROUP
	Logon ID:		0x3e7

Target Account:
	Security ID:		S-1-5-32-583
	Account Domain:		Builtin
	Old Account Name:	Device Owners
	New Account Name:	Device Owners

Additional Information:
	Privileges:		-","Microsoft-Windows-Security-Auditing","System.String[]","4781","8/7/2020 10:36:23 PM","8/7/2020 10:36:23 PM",,,
"4735","WIN-4ODLTDU191U","System.Byte[]","245","(13826)","13826","SuccessAudit","A security-enabled local group was changed.

Subject:
	Security ID:		S-1-5-18
	Account Name:		WIN-4ODLTDU191U$
	Account Domain:		WORKGROUP
	Logon ID:		0x3e7

Group:
	Security ID:		S-1-5-32-583
	Group Name:		Device Owners
	Group Domain:		Builtin

Changed Attributes:
	SAM Account Name:	-
	SID History:		-

Additional Information:
	Privileges:		-","Microsoft-Windows-Security-Auditing","System.String[]","4735","8/7/2020 10:36:23 PM","8/7/2020 10:36:23 PM",,,
"4735","WIN-4ODLTDU191U","System.Byte[]","244","(13826)","13826","SuccessAudit","A security-enabled local group was changed.

Subject:
	Security ID:		S-1-5-18
	Account Name:		WIN-4ODLTDU191U$
	Account Domain:		WORKGROUP
	Logon ID:		0x3e7

Group:
	Security ID:		S-1-5-32-581
	Group Name:		System Managed Accounts Group
	Group Domain:		Builtin

Changed Attributes:
	SAM Account Name:	System Managed Accounts Group
	SID History:		-

Additional Information:
	Privileges:		-","Microsoft-Windows-Security-Auditing","System.String[]","4735","8/7/2020 10:36:23 PM","8/7/2020 10:36:23 PM",,,
"4781","WIN-4ODLTDU191U","System.Byte[]","243","(13824)","13824","SuccessAudit","The name of an account was changed:

Subject:
	Security ID:		S-1-5-18
	Account Name:		WIN-4ODLTDU191U$
	Account Domain:		WORKGROUP
	Logon ID:		0x3e7

Target Account:
	Security ID:		S-1-5-32-581
	Account Domain:		Builtin
	Old Account Name:	System Managed Accounts Group
	New Account Name:	System Managed Accounts Group

Additional Information:
	Privileges:		-","Microsoft-Windows-Security-Auditing","System.String[]","4781","8/7/2020 10:36:23 PM","8/7/2020 10:36:23 PM",,,
"4735","WIN-4ODLTDU191U","System.Byte[]","242","(13826)","13826","SuccessAudit","A security-enabled local group was changed.

Subject:
	Security ID:		S-1-5-18
	Account Name:		WIN-4ODLTDU191U$
	Account Domain:		WORKGROUP
	Logon ID:		0x3e7

Group:
	Security ID:		S-1-5-32-581
	Group Name:		System Managed Accounts Group
	Group Domain:		Builtin

Changed Attributes:
	SAM Account Name:	-
	SID History:		-

Additional Information:
	Privileges:		-","Microsoft-Windows-Security-Auditing","System.String[]","4735","8/7/2020 10:36:23 PM","8/7/2020 10:36:23 PM",,,
"4735","WIN-4ODLTDU191U","System.Byte[]","241","(13826)","13826","SuccessAudit","A security-enabled local group was changed.

Subject:
	Security ID:		S-1-5-18
	Account Name:		WIN-4ODLTDU191U$
	Account Domain:		WORKGROUP
	Logon ID:		0x3e7

Group:
	Security ID:		S-1-5-32-582
	Group Name:		Storage Replica Administrators
	Group Domain:		Builtin

Changed Attributes:
	SAM Account Name:	Storage Replica Administrators
	SID History:		-

Additional Information:
	Privileges:		-","Microsoft-Windows-Security-Auditing","System.String[]","4735","8/7/2020 10:36:23 PM","8/7/2020 10:36:23 PM",,,
"4781","WIN-4ODLTDU191U","System.Byte[]","240","(13824)","13824","SuccessAudit","The name of an account was changed:

Subject:
	Security ID:		S-1-5-18
	Account Name:		WIN-4ODLTDU191U$
	Account Domain:		WORKGROUP
	Logon ID:		0x3e7

Target Account:
	Security ID:		S-1-5-32-582
	Account Domain:		Builtin
	Old Account Name:	Storage Replica Administrators
	New Account Name:	Storage Replica Administrators

Additional Information:
	Privileges:		-","Microsoft-Windows-Security-Auditing","System.String[]","4781","8/7/2020 10:36:23 PM","8/7/2020 10:36:23 PM",,,
"4735","WIN-4ODLTDU191U","System.Byte[]","239","(13826)","13826","SuccessAudit","A security-enabled local group was changed.

Subject:
	Security ID:		S-1-5-18
	Account Name:		WIN-4ODLTDU191U$
	Account Domain:		WORKGROUP
	Logon ID:		0x3e7

Group:
	Security ID:		S-1-5-32-582
	Group Name:		Storage Replica Administrators
	Group Domain:		Builtin

Changed Attributes:
	SAM Account Name:	-
	SID History:		-

Additional Information:
	Privileges:		-","Microsoft-Windows-Security-Auditing","System.String[]","4735","8/7/2020 10:36:23 PM","8/7/2020 10:36:23 PM",,,
"4735","WIN-4ODLTDU191U","System.Byte[]","238","(13826)","13826","SuccessAudit","A security-enabled local group was changed.

Subject:
	Security ID:		S-1-5-18
	Account Name:		WIN-4ODLTDU191U$
	Account Domain:		WORKGROUP
	Logon ID:		0x3e7

Group:
	Security ID:		S-1-5-32-580
	Group Name:		Remote Management Users
	Group Domain:		Builtin

Changed Attributes:
	SAM Account Name:	Remote Management Users
	SID History:		-

Additional Information:
	Privileges:		-","Microsoft-Windows-Security-Auditing","System.String[]","4735","8/7/2020 10:36:23 PM","8/7/2020 10:36:23 PM",,,
"4781","WIN-4ODLTDU191U","System.Byte[]","237","(13824)","13824","SuccessAudit","The name of an account was changed:

Subject:
	Security ID:		S-1-5-18
	Account Name:		WIN-4ODLTDU191U$
	Account Domain:		WORKGROUP
	Logon ID:		0x3e7

Target Account:
	Security ID:		S-1-5-32-580
	Account Domain:		Builtin
	Old Account Name:	Remote Management Users
	New Account Name:	Remote Management Users

Additional Information:
	Privileges:		-","Microsoft-Windows-Security-Auditing","System.String[]","4781","8/7/2020 10:36:23 PM","8/7/2020 10:36:23 PM",,,
"4735","WIN-4ODLTDU191U","System.Byte[]","236","(13826)","13826","SuccessAudit","A security-enabled local group was changed.

Subject:
	Security ID:		S-1-5-18
	Account Name:		WIN-4ODLTDU191U$
	Account Domain:		WORKGROUP
	Logon ID:		0x3e7

Group:
	Security ID:		S-1-5-32-580
	Group Name:		Remote Management Users
	Group Domain:		Builtin

Changed Attributes:
	SAM Account Name:	-
	SID History:		-

Additional Information:
	Privileges:		-","Microsoft-Windows-Security-Auditing","System.String[]","4735","8/7/2020 10:36:23 PM","8/7/2020 10:36:23 PM",,,
"4735","WIN-4ODLTDU191U","System.Byte[]","235","(13826)","13826","SuccessAudit","A security-enabled local group was changed.

Subject:
	Security ID:		S-1-5-18
	Account Name:		WIN-4ODLTDU191U$
	Account Domain:		WORKGROUP
	Logon ID:		0x3e7

Group:
	Security ID:		S-1-5-32-579
	Group Name:		Access Control Assistance Operators
	Group Domain:		Builtin

Changed Attributes:
	SAM Account Name:	Access Control Assistance Operators
	SID History:		-

Additional Information:
	Privileges:		-","Microsoft-Windows-Security-Auditing","System.String[]","4735","8/7/2020 10:36:23 PM","8/7/2020 10:36:23 PM",,,
"4781","WIN-4ODLTDU191U","System.Byte[]","234","(13824)","13824","SuccessAudit","The name of an account was changed:

Subject:
	Security ID:		S-1-5-18
	Account Name:		WIN-4ODLTDU191U$
	Account Domain:		WORKGROUP
	Logon ID:		0x3e7

Target Account:
	Security ID:		S-1-5-32-579
	Account Domain:		Builtin
	Old Account Name:	Access Control Assistance Operators
	New Account Name:	Access Control Assistance Operators

Additional Information:
	Privileges:		-","Microsoft-Windows-Security-Auditing","System.String[]","4781","8/7/2020 10:36:23 PM","8/7/2020 10:36:23 PM",,,
"4735","WIN-4ODLTDU191U","System.Byte[]","233","(13826)","13826","SuccessAudit","A security-enabled local group was changed.

Subject:
	Security ID:		S-1-5-18
	Account Name:		WIN-4ODLTDU191U$
	Account Domain:		WORKGROUP
	Logon ID:		0x3e7

Group:
	Security ID:		S-1-5-32-579
	Group Name:		Access Control Assistance Operators
	Group Domain:		Builtin

Changed Attributes:
	SAM Account Name:	-
	SID History:		-

Additional Information:
	Privileges:		-","Microsoft-Windows-Security-Auditing","System.String[]","4735","8/7/2020 10:36:23 PM","8/7/2020 10:36:23 PM",,,
"4735","WIN-4ODLTDU191U","System.Byte[]","232","(13826)","13826","SuccessAudit","A security-enabled local group was changed.

Subject:
	Security ID:		S-1-5-18
	Account Name:		WIN-4ODLTDU191U$
	Account Domain:		WORKGROUP
	Logon ID:		0x3e7

Group:
	Security ID:		S-1-5-32-578
	Group Name:		Hyper-V Administrators
	Group Domain:		Builtin

Changed Attributes:
	SAM Account Name:	Hyper-V Administrators
	SID History:		-

Additional Information:
	Privileges:		-","Microsoft-Windows-Security-Auditing","System.String[]","4735","8/7/2020 10:36:23 PM","8/7/2020 10:36:23 PM",,,
"4781","WIN-4ODLTDU191U","System.Byte[]","231","(13824)","13824","SuccessAudit","The name of an account was changed:

Subject:
	Security ID:		S-1-5-18
	Account Name:		WIN-4ODLTDU191U$
	Account Domain:		WORKGROUP
	Logon ID:		0x3e7

Target Account:
	Security ID:		S-1-5-32-578
	Account Domain:		Builtin
	Old Account Name:	Hyper-V Administrators
	New Account Name:	Hyper-V Administrators

Additional Information:
	Privileges:		-","Microsoft-Windows-Security-Auditing","System.String[]","4781","8/7/2020 10:36:23 PM","8/7/2020 10:36:23 PM",,,
"4735","WIN-4ODLTDU191U","System.Byte[]","230","(13826)","13826","SuccessAudit","A security-enabled local group was changed.

Subject:
	Security ID:		S-1-5-18
	Account Name:		WIN-4ODLTDU191U$
	Account Domain:		WORKGROUP
	Logon ID:		0x3e7

Group:
	Security ID:		S-1-5-32-578
	Group Name:		Hyper-V Administrators
	Group Domain:		Builtin

Changed Attributes:
	SAM Account Name:	-
	SID History:		-

Additional Information:
	Privileges:		-","Microsoft-Windows-Security-Auditing","System.String[]","4735","8/7/2020 10:36:23 PM","8/7/2020 10:36:23 PM",,,
"4735","WIN-4ODLTDU191U","System.Byte[]","229","(13826)","13826","SuccessAudit","A security-enabled local group was changed.

Subject:
	Security ID:		S-1-5-18
	Account Name:		WIN-4ODLTDU191U$
	Account Domain:		WORKGROUP
	Logon ID:		0x3e7

Group:
	Security ID:		S-1-5-32-577
	Group Name:		RDS Management Servers
	Group Domain:		Builtin

Changed Attributes:
	SAM Account Name:	RDS Management Servers
	SID History:		-

Additional Information:
	Privileges:		-","Microsoft-Windows-Security-Auditing","System.String[]","4735","8/7/2020 10:36:23 PM","8/7/2020 10:36:23 PM",,,
"4781","WIN-4ODLTDU191U","System.Byte[]","228","(13824)","13824","SuccessAudit","The name of an account was changed:

Subject:
	Security ID:		S-1-5-18
	Account Name:		WIN-4ODLTDU191U$
	Account Domain:		WORKGROUP
	Logon ID:		0x3e7

Target Account:
	Security ID:		S-1-5-32-577
	Account Domain:		Builtin
	Old Account Name:	RDS Management Servers
	New Account Name:	RDS Management Servers

Additional Information:
	Privileges:		-","Microsoft-Windows-Security-Auditing","System.String[]","4781","8/7/2020 10:36:23 PM","8/7/2020 10:36:23 PM",,,
"4735","WIN-4ODLTDU191U","System.Byte[]","227","(13826)","13826","SuccessAudit","A security-enabled local group was changed.

Subject:
	Security ID:		S-1-5-18
	Account Name:		WIN-4ODLTDU191U$
	Account Domain:		WORKGROUP
	Logon ID:		0x3e7

Group:
	Security ID:		S-1-5-32-577
	Group Name:		RDS Management Servers
	Group Domain:		Builtin

Changed Attributes:
	SAM Account Name:	-
	SID History:		-

Additional Information:
	Privileges:		-","Microsoft-Windows-Security-Auditing","System.String[]","4735","8/7/2020 10:36:23 PM","8/7/2020 10:36:23 PM",,,
"4735","WIN-4ODLTDU191U","System.Byte[]","226","(13826)","13826","SuccessAudit","A security-enabled local group was changed.

Subject:
	Security ID:		S-1-5-18
	Account Name:		WIN-4ODLTDU191U$
	Account Domain:		WORKGROUP
	Logon ID:		0x3e7

Group:
	Security ID:		S-1-5-32-576
	Group Name:		RDS Endpoint Servers
	Group Domain:		Builtin

Changed Attributes:
	SAM Account Name:	RDS Endpoint Servers
	SID History:		-

Additional Information:
	Privileges:		-","Microsoft-Windows-Security-Auditing","System.String[]","4735","8/7/2020 10:36:23 PM","8/7/2020 10:36:23 PM",,,
"4781","WIN-4ODLTDU191U","System.Byte[]","225","(13824)","13824","SuccessAudit","The name of an account was changed:

Subject:
	Security ID:		S-1-5-18
	Account Name:		WIN-4ODLTDU191U$
	Account Domain:		WORKGROUP
	Logon ID:		0x3e7

Target Account:
	Security ID:		S-1-5-32-576
	Account Domain:		Builtin
	Old Account Name:	RDS Endpoint Servers
	New Account Name:	RDS Endpoint Servers

Additional Information:
	Privileges:		-","Microsoft-Windows-Security-Auditing","System.String[]","4781","8/7/2020 10:36:23 PM","8/7/2020 10:36:23 PM",,,
"4735","WIN-4ODLTDU191U","System.Byte[]","224","(13826)","13826","SuccessAudit","A security-enabled local group was changed.

Subject:
	Security ID:		S-1-5-18
	Account Name:		WIN-4ODLTDU191U$
	Account Domain:		WORKGROUP
	Logon ID:		0x3e7

Group:
	Security ID:		S-1-5-32-576
	Group Name:		RDS Endpoint Servers
	Group Domain:		Builtin

Changed Attributes:
	SAM Account Name:	-
	SID History:		-

Additional Information:
	Privileges:		-","Microsoft-Windows-Security-Auditing","System.String[]","4735","8/7/2020 10:36:23 PM","8/7/2020 10:36:23 PM",,,
"4735","WIN-4ODLTDU191U","System.Byte[]","223","(13826)","13826","SuccessAudit","A security-enabled local group was changed.

Subject:
	Security ID:		S-1-5-18
	Account Name:		WIN-4ODLTDU191U$
	Account Domain:		WORKGROUP
	Logon ID:		0x3e7

Group:
	Security ID:		S-1-5-32-575
	Group Name:		RDS Remote Access Servers
	Group Domain:		Builtin

Changed Attributes:
	SAM Account Name:	RDS Remote Access Servers
	SID History:		-

Additional Information:
	Privileges:		-","Microsoft-Windows-Security-Auditing","System.String[]","4735","8/7/2020 10:36:23 PM","8/7/2020 10:36:23 PM",,,
"4781","WIN-4ODLTDU191U","System.Byte[]","222","(13824)","13824","SuccessAudit","The name of an account was changed:

Subject:
	Security ID:		S-1-5-18
	Account Name:		WIN-4ODLTDU191U$
	Account Domain:		WORKGROUP
	Logon ID:		0x3e7

Target Account:
	Security ID:		S-1-5-32-575
	Account Domain:		Builtin
	Old Account Name:	RDS Remote Access Servers
	New Account Name:	RDS Remote Access Servers

Additional Information:
	Privileges:		-","Microsoft-Windows-Security-Auditing","System.String[]","4781","8/7/2020 10:36:23 PM","8/7/2020 10:36:23 PM",,,
"4735","WIN-4ODLTDU191U","System.Byte[]","221","(13826)","13826","SuccessAudit","A security-enabled local group was changed.

Subject:
	Security ID:		S-1-5-18
	Account Name:		WIN-4ODLTDU191U$
	Account Domain:		WORKGROUP
	Logon ID:		0x3e7

Group:
	Security ID:		S-1-5-32-575
	Group Name:		RDS Remote Access Servers
	Group Domain:		Builtin

Changed Attributes:
	SAM Account Name:	-
	SID History:		-

Additional Information:
	Privileges:		-","Microsoft-Windows-Security-Auditing","System.String[]","4735","8/7/2020 10:36:23 PM","8/7/2020 10:36:23 PM",,,
"4735","WIN-4ODLTDU191U","System.Byte[]","220","(13826)","13826","SuccessAudit","A security-enabled local group was changed.

Subject:
	Security ID:		S-1-5-18
	Account Name:		WIN-4ODLTDU191U$
	Account Domain:		WORKGROUP
	Logon ID:		0x3e7

Group:
	Security ID:		S-1-5-32-574
	Group Name:		Certificate Service DCOM Access
	Group Domain:		Builtin

Changed Attributes:
	SAM Account Name:	Certificate Service DCOM Access
	SID History:		-

Additional Information:
	Privileges:		-","Microsoft-Windows-Security-Auditing","System.String[]","4735","8/7/2020 10:36:23 PM","8/7/2020 10:36:23 PM",,,
"4781","WIN-4ODLTDU191U","System.Byte[]","219","(13824)","13824","SuccessAudit","The name of an account was changed:

Subject:
	Security ID:		S-1-5-18
	Account Name:		WIN-4ODLTDU191U$
	Account Domain:		WORKGROUP
	Logon ID:		0x3e7

Target Account:
	Security ID:		S-1-5-32-574
	Account Domain:		Builtin
	Old Account Name:	Certificate Service DCOM Access
	New Account Name:	Certificate Service DCOM Access

Additional Information:
	Privileges:		-","Microsoft-Windows-Security-Auditing","System.String[]","4781","8/7/2020 10:36:23 PM","8/7/2020 10:36:23 PM",,,
"4735","WIN-4ODLTDU191U","System.Byte[]","218","(13826)","13826","SuccessAudit","A security-enabled local group was changed.

Subject:
	Security ID:		S-1-5-18
	Account Name:		WIN-4ODLTDU191U$
	Account Domain:		WORKGROUP
	Logon ID:		0x3e7

Group:
	Security ID:		S-1-5-32-574
	Group Name:		Certificate Service DCOM Access
	Group Domain:		Builtin

Changed Attributes:
	SAM Account Name:	-
	SID History:		-

Additional Information:
	Privileges:		-","Microsoft-Windows-Security-Auditing","System.String[]","4735","8/7/2020 10:36:23 PM","8/7/2020 10:36:23 PM",,,
"4735","WIN-4ODLTDU191U","System.Byte[]","217","(13826)","13826","SuccessAudit","A security-enabled local group was changed.

Subject:
	Security ID:		S-1-5-18
	Account Name:		WIN-4ODLTDU191U$
	Account Domain:		WORKGROUP
	Logon ID:		0x3e7

Group:
	Security ID:		S-1-5-32-573
	Group Name:		Event Log Readers
	Group Domain:		Builtin

Changed Attributes:
	SAM Account Name:	Event Log Readers
	SID History:		-

Additional Information:
	Privileges:		-","Microsoft-Windows-Security-Auditing","System.String[]","4735","8/7/2020 10:36:23 PM","8/7/2020 10:36:23 PM",,,
"4781","WIN-4ODLTDU191U","System.Byte[]","216","(13824)","13824","SuccessAudit","The name of an account was changed:

Subject:
	Security ID:		S-1-5-18
	Account Name:		WIN-4ODLTDU191U$
	Account Domain:		WORKGROUP
	Logon ID:		0x3e7

Target Account:
	Security ID:		S-1-5-32-573
	Account Domain:		Builtin
	Old Account Name:	Event Log Readers
	New Account Name:	Event Log Readers

Additional Information:
	Privileges:		-","Microsoft-Windows-Security-Auditing","System.String[]","4781","8/7/2020 10:36:23 PM","8/7/2020 10:36:23 PM",,,
"4735","WIN-4ODLTDU191U","System.Byte[]","215","(13826)","13826","SuccessAudit","A security-enabled local group was changed.

Subject:
	Security ID:		S-1-5-18
	Account Name:		WIN-4ODLTDU191U$
	Account Domain:		WORKGROUP
	Logon ID:		0x3e7

Group:
	Security ID:		S-1-5-32-573
	Group Name:		Event Log Readers
	Group Domain:		Builtin

Changed Attributes:
	SAM Account Name:	-
	SID History:		-

Additional Information:
	Privileges:		-","Microsoft-Windows-Security-Auditing","System.String[]","4735","8/7/2020 10:36:23 PM","8/7/2020 10:36:23 PM",,,
"4735","WIN-4ODLTDU191U","System.Byte[]","214","(13826)","13826","SuccessAudit","A security-enabled local group was changed.

Subject:
	Security ID:		S-1-5-18
	Account Name:		WIN-4ODLTDU191U$
	Account Domain:		WORKGROUP
	Logon ID:		0x3e7

Group:
	Security ID:		S-1-5-32-569
	Group Name:		Cryptographic Operators
	Group Domain:		Builtin

Changed Attributes:
	SAM Account Name:	Cryptographic Operators
	SID History:		-

Additional Information:
	Privileges:		-","Microsoft-Windows-Security-Auditing","System.String[]","4735","8/7/2020 10:36:23 PM","8/7/2020 10:36:23 PM",,,
"4781","WIN-4ODLTDU191U","System.Byte[]","213","(13824)","13824","SuccessAudit","The name of an account was changed:

Subject:
	Security ID:		S-1-5-18
	Account Name:		WIN-4ODLTDU191U$
	Account Domain:		WORKGROUP
	Logon ID:		0x3e7

Target Account:
	Security ID:		S-1-5-32-569
	Account Domain:		Builtin
	Old Account Name:	Cryptographic Operators
	New Account Name:	Cryptographic Operators

Additional Information:
	Privileges:		-","Microsoft-Windows-Security-Auditing","System.String[]","4781","8/7/2020 10:36:23 PM","8/7/2020 10:36:23 PM",,,
"4735","WIN-4ODLTDU191U","System.Byte[]","212","(13826)","13826","SuccessAudit","A security-enabled local group was changed.

Subject:
	Security ID:		S-1-5-18
	Account Name:		WIN-4ODLTDU191U$
	Account Domain:		WORKGROUP
	Logon ID:		0x3e7

Group:
	Security ID:		S-1-5-32-569
	Group Name:		Cryptographic Operators
	Group Domain:		Builtin

Changed Attributes:
	SAM Account Name:	-
	SID History:		-

Additional Information:
	Privileges:		-","Microsoft-Windows-Security-Auditing","System.String[]","4735","8/7/2020 10:36:23 PM","8/7/2020 10:36:23 PM",,,
"4735","WIN-4ODLTDU191U","System.Byte[]","211","(13826)","13826","SuccessAudit","A security-enabled local group was changed.

Subject:
	Security ID:		S-1-5-18
	Account Name:		WIN-4ODLTDU191U$
	Account Domain:		WORKGROUP
	Logon ID:		0x3e7

Group:
	Security ID:		S-1-5-32-568
	Group Name:		IIS_IUSRS
	Group Domain:		Builtin

Changed Attributes:
	SAM Account Name:	IIS_IUSRS
	SID History:		-

Additional Information:
	Privileges:		-","Microsoft-Windows-Security-Auditing","System.String[]","4735","8/7/2020 10:36:23 PM","8/7/2020 10:36:23 PM",,,
"4781","WIN-4ODLTDU191U","System.Byte[]","210","(13824)","13824","SuccessAudit","The name of an account was changed:

Subject:
	Security ID:		S-1-5-18
	Account Name:		WIN-4ODLTDU191U$
	Account Domain:		WORKGROUP
	Logon ID:		0x3e7

Target Account:
	Security ID:		S-1-5-32-568
	Account Domain:		Builtin
	Old Account Name:	IIS_IUSRS
	New Account Name:	IIS_IUSRS

Additional Information:
	Privileges:		-","Microsoft-Windows-Security-Auditing","System.String[]","4781","8/7/2020 10:36:23 PM","8/7/2020 10:36:23 PM",,,
"4735","WIN-4ODLTDU191U","System.Byte[]","209","(13826)","13826","SuccessAudit","A security-enabled local group was changed.

Subject:
	Security ID:		S-1-5-18
	Account Name:		WIN-4ODLTDU191U$
	Account Domain:		WORKGROUP
	Logon ID:		0x3e7

Group:
	Security ID:		S-1-5-32-568
	Group Name:		IIS_IUSRS
	Group Domain:		Builtin

Changed Attributes:
	SAM Account Name:	-
	SID History:		-

Additional Information:
	Privileges:		-","Microsoft-Windows-Security-Auditing","System.String[]","4735","8/7/2020 10:36:23 PM","8/7/2020 10:36:23 PM",,,
"4735","WIN-4ODLTDU191U","System.Byte[]","208","(13826)","13826","SuccessAudit","A security-enabled local group was changed.

Subject:
	Security ID:		S-1-5-18
	Account Name:		WIN-4ODLTDU191U$
	Account Domain:		WORKGROUP
	Logon ID:		0x3e7

Group:
	Security ID:		S-1-5-32-562
	Group Name:		Distributed COM Users
	Group Domain:		Builtin

Changed Attributes:
	SAM Account Name:	Distributed COM Users
	SID History:		-

Additional Information:
	Privileges:		-","Microsoft-Windows-Security-Auditing","System.String[]","4735","8/7/2020 10:36:23 PM","8/7/2020 10:36:23 PM",,,
"4781","WIN-4ODLTDU191U","System.Byte[]","207","(13824)","13824","SuccessAudit","The name of an account was changed:

Subject:
	Security ID:		S-1-5-18
	Account Name:		WIN-4ODLTDU191U$
	Account Domain:		WORKGROUP
	Logon ID:		0x3e7

Target Account:
	Security ID:		S-1-5-32-562
	Account Domain:		Builtin
	Old Account Name:	Distributed COM Users
	New Account Name:	Distributed COM Users

Additional Information:
	Privileges:		-","Microsoft-Windows-Security-Auditing","System.String[]","4781","8/7/2020 10:36:23 PM","8/7/2020 10:36:23 PM",,,
"4735","WIN-4ODLTDU191U","System.Byte[]","206","(13826)","13826","SuccessAudit","A security-enabled local group was changed.

Subject:
	Security ID:		S-1-5-18
	Account Name:		WIN-4ODLTDU191U$
	Account Domain:		WORKGROUP
	Logon ID:		0x3e7

Group:
	Security ID:		S-1-5-32-562
	Group Name:		Distributed COM Users
	Group Domain:		Builtin

Changed Attributes:
	SAM Account Name:	-
	SID History:		-

Additional Information:
	Privileges:		-","Microsoft-Windows-Security-Auditing","System.String[]","4735","8/7/2020 10:36:23 PM","8/7/2020 10:36:23 PM",,,
"4735","WIN-4ODLTDU191U","System.Byte[]","205","(13826)","13826","SuccessAudit","A security-enabled local group was changed.

Subject:
	Security ID:		S-1-5-18
	Account Name:		WIN-4ODLTDU191U$
	Account Domain:		WORKGROUP
	Logon ID:		0x3e7

Group:
	Security ID:		S-1-5-32-559
	Group Name:		Performance Log Users
	Group Domain:		Builtin

Changed Attributes:
	SAM Account Name:	Performance Log Users
	SID History:		-

Additional Information:
	Privileges:		-","Microsoft-Windows-Security-Auditing","System.String[]","4735","8/7/2020 10:36:23 PM","8/7/2020 10:36:23 PM",,,
"4781","WIN-4ODLTDU191U","System.Byte[]","204","(13824)","13824","SuccessAudit","The name of an account was changed:

Subject:
	Security ID:		S-1-5-18
	Account Name:		WIN-4ODLTDU191U$
	Account Domain:		WORKGROUP
	Logon ID:		0x3e7

Target Account:
	Security ID:		S-1-5-32-559
	Account Domain:		Builtin
	Old Account Name:	Performance Log Users
	New Account Name:	Performance Log Users

Additional Information:
	Privileges:		-","Microsoft-Windows-Security-Auditing","System.String[]","4781","8/7/2020 10:36:23 PM","8/7/2020 10:36:23 PM",,,
"4735","WIN-4ODLTDU191U","System.Byte[]","203","(13826)","13826","SuccessAudit","A security-enabled local group was changed.

Subject:
	Security ID:		S-1-5-18
	Account Name:		WIN-4ODLTDU191U$
	Account Domain:		WORKGROUP
	Logon ID:		0x3e7

Group:
	Security ID:		S-1-5-32-559
	Group Name:		Performance Log Users
	Group Domain:		Builtin

Changed Attributes:
	SAM Account Name:	-
	SID History:		-

Additional Information:
	Privileges:		-","Microsoft-Windows-Security-Auditing","System.String[]","4735","8/7/2020 10:36:23 PM","8/7/2020 10:36:23 PM",,,
"4735","WIN-4ODLTDU191U","System.Byte[]","202","(13826)","13826","SuccessAudit","A security-enabled local group was changed.

Subject:
	Security ID:		S-1-5-18
	Account Name:		WIN-4ODLTDU191U$
	Account Domain:		WORKGROUP
	Logon ID:		0x3e7

Group:
	Security ID:		S-1-5-32-558
	Group Name:		Performance Monitor Users
	Group Domain:		Builtin

Changed Attributes:
	SAM Account Name:	Performance Monitor Users
	SID History:		-

Additional Information:
	Privileges:		-","Microsoft-Windows-Security-Auditing","System.String[]","4735","8/7/2020 10:36:23 PM","8/7/2020 10:36:23 PM",,,
"4781","WIN-4ODLTDU191U","System.Byte[]","201","(13824)","13824","SuccessAudit","The name of an account was changed:

Subject:
	Security ID:		S-1-5-18
	Account Name:		WIN-4ODLTDU191U$
	Account Domain:		WORKGROUP
	Logon ID:		0x3e7

Target Account:
	Security ID:		S-1-5-32-558
	Account Domain:		Builtin
	Old Account Name:	Performance Monitor Users
	New Account Name:	Performance Monitor Users

Additional Information:
	Privileges:		-","Microsoft-Windows-Security-Auditing","System.String[]","4781","8/7/2020 10:36:23 PM","8/7/2020 10:36:23 PM",,,
"4735","WIN-4ODLTDU191U","System.Byte[]","200","(13826)","13826","SuccessAudit","A security-enabled local group was changed.

Subject:
	Security ID:		S-1-5-18
	Account Name:		WIN-4ODLTDU191U$
	Account Domain:		WORKGROUP
	Logon ID:		0x3e7

Group:
	Security ID:		S-1-5-32-558
	Group Name:		Performance Monitor Users
	Group Domain:		Builtin

Changed Attributes:
	SAM Account Name:	-
	SID History:		-

Additional Information:
	Privileges:		-","Microsoft-Windows-Security-Auditing","System.String[]","4735","8/7/2020 10:36:23 PM","8/7/2020 10:36:23 PM",,,
"4735","WIN-4ODLTDU191U","System.Byte[]","199","(13826)","13826","SuccessAudit","A security-enabled local group was changed.

Subject:
	Security ID:		S-1-5-18
	Account Name:		WIN-4ODLTDU191U$
	Account Domain:		WORKGROUP
	Logon ID:		0x3e7

Group:
	Security ID:		S-1-5-32-547
	Group Name:		Power Users
	Group Domain:		Builtin

Changed Attributes:
	SAM Account Name:	Power Users
	SID History:		-

Additional Information:
	Privileges:		-","Microsoft-Windows-Security-Auditing","System.String[]","4735","8/7/2020 10:36:23 PM","8/7/2020 10:36:23 PM",,,
"4781","WIN-4ODLTDU191U","System.Byte[]","198","(13824)","13824","SuccessAudit","The name of an account was changed:

Subject:
	Security ID:		S-1-5-18
	Account Name:		WIN-4ODLTDU191U$
	Account Domain:		WORKGROUP
	Logon ID:		0x3e7

Target Account:
	Security ID:		S-1-5-32-547
	Account Domain:		Builtin
	Old Account Name:	Power Users
	New Account Name:	Power Users

Additional Information:
	Privileges:		-","Microsoft-Windows-Security-Auditing","System.String[]","4781","8/7/2020 10:36:23 PM","8/7/2020 10:36:23 PM",,,
"4735","WIN-4ODLTDU191U","System.Byte[]","197","(13826)","13826","SuccessAudit","A security-enabled local group was changed.

Subject:
	Security ID:		S-1-5-18
	Account Name:		WIN-4ODLTDU191U$
	Account Domain:		WORKGROUP
	Logon ID:		0x3e7

Group:
	Security ID:		S-1-5-32-547
	Group Name:		Power Users
	Group Domain:		Builtin

Changed Attributes:
	SAM Account Name:	-
	SID History:		-

Additional Information:
	Privileges:		-","Microsoft-Windows-Security-Auditing","System.String[]","4735","8/7/2020 10:36:23 PM","8/7/2020 10:36:23 PM",,,
"4735","WIN-4ODLTDU191U","System.Byte[]","196","(13826)","13826","SuccessAudit","A security-enabled local group was changed.

Subject:
	Security ID:		S-1-5-18
	Account Name:		WIN-4ODLTDU191U$
	Account Domain:		WORKGROUP
	Logon ID:		0x3e7

Group:
	Security ID:		S-1-5-32-556
	Group Name:		Network Configuration Operators
	Group Domain:		Builtin

Changed Attributes:
	SAM Account Name:	Network Configuration Operators
	SID History:		-

Additional Information:
	Privileges:		-","Microsoft-Windows-Security-Auditing","System.String[]","4735","8/7/2020 10:36:23 PM","8/7/2020 10:36:23 PM",,,
